2019-11-11 07:02:29 +0000  Initial pipeline context: <IDEDistributionProcessingPipelineContext: 0x7fe57d4aa5f0; archive(resolved)='<IDEArchive: 0x7fe584674d30>', distributionTask(resolved)='2', distributionDestination(resolved)='1', distributionMethod(resolved)='<IDEDistributionMethodiOSEnterprise: 0x7fe585086d90>', team(resolved)='<IDEProvisioningDisambiguatableBasicTeam: 0x7fe58038f1e0; teamID='FNK76XWED5', teamName='Evecom Technology Co.,Ltd.', teamType='Enterprise', username='psb@evecom.net', isFreeProvisioningTeam='0'>'>
	Chain (13, self inclusive):
	<IDEDistributionProcessingPipelineContext: 0x7fe57d4aa5f0; archive = '<IDEArchive: 0x7fe584674d30>', distributionMethod='<IDEDistributionMethodiOSEnterprise: 0x7fe585086d90>', team='<IDEProvisioningDisambiguatableBasicTeam: 0x7fe58038f1e0; teamID='FNK76XWED5', teamName='Evecom Technology Co.,Ltd.', teamType='Enterprise', username='psb@evecom.net', isFreeProvisioningTeam='0'>'>
	<IDEDistributionProcessingPipelineContext: 0x7fe5855ee6b0; archive = '<IDEArchive: 0x7fe584674d30>', distributionMethod='<IDEDistributionMethodiOSEnterprise: 0x7fe585086d90>', team='<IDEProvisioningDisambiguatableBasicTeam: 0x7fe58038f1e0; teamID='FNK76XWED5', teamName='Evecom Technology Co.,Ltd.', teamType='Enterprise', username='psb@evecom.net', isFreeProvisioningTeam='0'>'>
	<IDEDistributionContext: 0x7fe5854d2790; archive = '<IDEArchive: 0x7fe584674d30>', distributionMethod='<IDEDistributionMethodiOSEnterprise: 0x7fe585086d90>', team='<IDEProvisioningDisambiguatableBasicTeam: 0x7fe58038f1e0; teamID='FNK76XWED5', teamName='Evecom Technology Co.,Ltd.', teamType='Enterprise', username='psb@evecom.net', isFreeProvisioningTeam='0'>'>
	<IDEDistributionContext: 0x7fe586009b10; archive = '<IDEArchive: 0x7fe584674d30>', distributionMethod='<IDEDistributionMethodiOSEnterprise: 0x7fe585086d90>', team='<IDEProvisioningDisambiguatableBasicTeam: 0x7fe58038f1e0; teamID='FNK76XWED5', teamName='Evecom Technology Co.,Ltd.', teamType='Enterprise', username='psb@evecom.net', isFreeProvisioningTeam='0'>'>
	<IDEDistributionContext: 0x7fe586032650; archive = '<IDEArchive: 0x7fe584674d30>', distributionMethod='<IDEDistributionMethodiOSEnterprise: 0x7fe585086d90>', team='<IDEProvisioningDisambiguatableBasicTeam: 0x7fe58038f1e0; teamID='FNK76XWED5', teamName='Evecom Technology Co.,Ltd.', teamType='Enterprise', username='psb@evecom.net', isFreeProvisioningTeam='0'>'>
	<IDEDistributionContext: 0x7fe58600a3b0; archive = '<IDEArchive: 0x7fe584674d30>', distributionMethod='<IDEDistributionMethodiOSEnterprise: 0x7fe585086d90>', team='<IDEProvisioningDisambiguatableBasicTeam: 0x7fe58038f1e0; teamID='FNK76XWED5', teamName='Evecom Technology Co.,Ltd.', teamType='Enterprise', username='psb@evecom.net', isFreeProvisioningTeam='0'>'>
	<IDEDistributionContext: 0x7fe58602a100; archive = '<IDEArchive: 0x7fe584674d30>', distributionMethod='<IDEDistributionMethodiOSEnterprise: 0x7fe585086d90>', team='<IDEProvisioningDisambiguatableBasicTeam: 0x7fe58038f1e0; teamID='FNK76XWED5', teamName='Evecom Technology Co.,Ltd.', teamType='Enterprise', username='psb@evecom.net', isFreeProvisioningTeam='0'>'>
	<IDEDistributionContext: 0x7fe5857bfd00; archive = '<IDEArchive: 0x7fe584674d30>', distributionMethod='<IDEDistributionMethodiOSEnterprise: 0x7fe585086d90>', team='<IDEProvisioningDisambiguatableBasicTeam: 0x7fe58038f1e0; teamID='FNK76XWED5', teamName='Evecom Technology Co.,Ltd.', teamType='Enterprise', username='psb@evecom.net', isFreeProvisioningTeam='0'>'>
	<IDEDistributionContext: 0x7fe57bdf0370; archive = '<IDEArchive: 0x7fe584674d30>', distributionMethod='<IDEDistributionMethodiOSEnterprise: 0x7fe585086d90>', team='<IDEProvisioningDisambiguatableBasicTeam: 0x7fe58038f1e0; teamID='FNK76XWED5', teamName='Evecom Technology Co.,Ltd.', teamType='Enterprise', username='psb@evecom.net', isFreeProvisioningTeam='0'>'>
	<IDEDistributionContext: 0x7fe5860272e0; archive = '<IDEArchive: 0x7fe584674d30>', distributionMethod='<IDEDistributionMethodiOSEnterprise: 0x7fe585086d90>', team='(null)'>
	<IDEDistributionContext: 0x7fe5847bc2c0; archive = '<IDEArchive: 0x7fe584674d30>', distributionMethod='<IDEDistributionMethodiOSEnterprise: 0x7fe585086d90>', team='(null)'>
	<IDEDistributionContext: 0x7fe57bde80c0; archive = '<IDEArchive: 0x7fe584674d30>', distributionMethod='<IDEDistributionMethodiOSEnterprise: 0x7fe585086d90>', team='(null)'>
	<IDEDistributionContext: 0x7fe585334dc0; archive = '<IDEArchive: 0x7fe584674d30>', distributionMethod='(null)', team='(null)'>
</IDEDistributionProcessingPipelineContext: 0x7fe57d4aa5f0>
2019-11-11 07:02:29 +0000  Processing step: IDEDistributionCreateDestRootStep
2019-11-11 07:02:29 +0000  Processing step: IDEDistributionCopyItemStep
2019-11-11 07:02:29 +0000  Running /usr/bin/ditto '-V' '/Users/evecom/Library/Developer/Xcode/Archives/2019-11-11/智慧会管 2019-11-11, 15.02.xcarchive/Products/Applications/智慧会管.app' '/var/folders/cv/6gd32hj10_b8hdk8gc65vwvw0000gn/T/XcodeDistPipeline.~~~IiwLO8/Root/Payload/智慧会管.app'
2019-11-11 07:02:29 +0000  >>> Copying /Users/evecom/Library/Developer/Xcode/Archives/2019-11-11/智慧会管 2019-11-11, 15.02.xcarchive/Products/Applications/智慧会管.app 
2019-11-11 07:02:29 +0000  copying file ./_CodeSignature/CodeResources ... 
2019-11-11 07:02:29 +0000  68531 bytes for ./_CodeSignature/CodeResources
2019-11-11 07:02:29 +0000  copying file ./scannerOverlay.nib/objects-13.0+.nib ... 
2019-11-11 07:02:29 +0000  1501 bytes for ./scannerOverlay.nib/objects-13.0+.nib
2019-11-11 07:02:29 +0000  copying file ./scannerOverlay.nib/runtime.nib ... 
2019-11-11 07:02:29 +0000  1501 bytes for ./scannerOverlay.nib/runtime.nib
2019-11-11 07:02:29 +0000  copying file ./LaunchImage-1100-Portrait-2436h@3x.png ... 
2019-11-11 07:02:29 +0000  1737433 bytes for ./LaunchImage-1100-Portrait-2436h@3x.png
2019-11-11 07:02:29 +0000  copying file ./LaunchImage@2x.png ... 
2019-11-11 07:02:29 +0000  440365 bytes for ./LaunchImage@2x.png
2019-11-11 07:02:29 +0000  copying file ./AppIcon20x20@2x.png ... 
2019-11-11 07:02:29 +0000  2331 bytes for ./AppIcon20x20@2x.png
2019-11-11 07:02:29 +0000  copying file ./MainViewController.nib/objects-13.0+.nib ... 
2019-11-11 07:02:29 +0000  980 bytes for ./MainViewController.nib/objects-13.0+.nib
2019-11-11 07:02:29 +0000  copying file ./MainViewController.nib/runtime.nib ... 
2019-11-11 07:02:29 +0000  980 bytes for ./MainViewController.nib/runtime.nib
2019-11-11 07:02:29 +0000  copying file ./AppIcon20x20@3x.png ... 
2019-11-11 07:02:29 +0000  3542 bytes for ./AppIcon20x20@3x.png
2019-11-11 07:02:29 +0000  copying file ./AppIcon29x29.png ... 
2019-11-11 07:02:29 +0000  1594 bytes for ./AppIcon29x29.png
2019-11-11 07:02:29 +0000  copying file ./LaunchImage-568h@2x.png ... 
2019-11-11 07:02:29 +0000  559376 bytes for ./LaunchImage-568h@2x.png
2019-11-11 07:02:29 +0000  copying file ./AppIcon60x60@2x.png ... 
2019-11-11 07:02:29 +0000  7040 bytes for ./AppIcon60x60@2x.png
2019-11-11 07:02:29 +0000  copying file ./AppIcon72x72@2x~ipad.png ... 
2019-11-11 07:02:29 +0000  8363 bytes for ./AppIcon72x72@2x~ipad.png
2019-11-11 07:02:29 +0000  copying file ./AppIcon29x29@2x.png ... 
2019-11-11 07:02:29 +0000  3550 bytes for ./AppIcon29x29@2x.png
copying file ./LaunchImage-800-667h@2x.png ... 
2019-11-11 07:02:29 +0000  733968 bytes for ./LaunchImage-800-667h@2x.png
2019-11-11 07:02:29 +0000  copying file ./LaunchImage-Portrait@2x~ipad.png ... 
2019-11-11 07:02:29 +0000  1845557 bytes for ./LaunchImage-Portrait@2x~ipad.png
2019-11-11 07:02:29 +0000  copying file ./AppIcon40x40@3x.png ... 
2019-11-11 07:02:29 +0000  7040 bytes for ./AppIcon40x40@3x.png
2019-11-11 07:02:29 +0000  copying file ./AppIcon29x29~ipad.png ... 
2019-11-11 07:02:29 +0000  1594 bytes for ./AppIcon29x29~ipad.png
2019-11-11 07:02:29 +0000  copying file ./AppIcon40x40@2x.png ... 
2019-11-11 07:02:29 +0000  5112 bytes for ./AppIcon40x40@2x.png
2019-11-11 07:02:29 +0000  copying file ./LaunchImage-Portrait~ipad.png ... 
2019-11-11 07:02:29 +0000  575106 bytes for ./LaunchImage-Portrait~ipad.png
2019-11-11 07:02:29 +0000  copying file ./AppIcon29x29@3x.png ... 
5177 bytes for ./AppIcon29x29@3x.png
copying file ./AppIcon60x60@3x.png ... 
10075 bytes for ./AppIcon60x60@3x.png
copying file ./config.xml ... 
2019-11-11 07:02:29 +0000  5287 bytes for ./config.xml
2019-11-11 07:02:29 +0000  copying file ./www/index.html ... 
2019-11-11 07:02:29 +0000  789 bytes for ./www/index.html
2019-11-11 07:02:29 +0000  copying file ./www/prod-v1.3.21-t11101714 ... 
2019-11-11 07:02:29 +0000  0 bytes for ./www/prod-v1.3.21-t11101714
copying file ./www/cordova.js ... 
2019-11-11 07:02:29 +0000  69139 bytes for ./www/cordova.js
2019-11-11 07:02:29 +0000  copying file ./www/images/meeting3.d1367bc.jpg ... 
2019-11-11 07:02:29 +0000  63363 bytes for ./www/images/meeting3.d1367bc.jpg
2019-11-11 07:02:29 +0000  copying file ./www/images/meeting.e933bb2.jpg ... 
2019-11-11 07:02:29 +0000  451800 bytes for ./www/images/meeting.e933bb2.jpg
copying file ./www/images/meeting2.78173ca.jpg ... 
2019-11-11 07:02:29 +0000  285563 bytes for ./www/images/meeting2.78173ca.jpg
2019-11-11 07:02:29 +0000  copying file ./www/plugins/cordova-plugin-file/www/requestFileSystem.js ... 
2019-11-11 07:02:29 +0000  3244 bytes for ./www/plugins/cordova-plugin-file/www/requestFileSystem.js
2019-11-11 07:02:29 +0000  copying file ./www/plugins/cordova-plugin-file/www/DirectoryEntry.js ... 
2019-11-11 07:02:29 +0000  4681 bytes for ./www/plugins/cordova-plugin-file/www/DirectoryEntry.js
2019-11-11 07:02:29 +0000  copying file ./www/plugins/cordova-plugin-file/www/FileSystem.js ... 
2019-11-11 07:02:29 +0000  1960 bytes for ./www/plugins/cordova-plugin-file/www/FileSystem.js
2019-11-11 07:02:29 +0000  copying file ./www/plugins/cordova-plugin-file/www/Flags.js ... 
2019-11-11 07:02:29 +0000  1336 bytes for ./www/plugins/cordova-plugin-file/www/Flags.js
2019-11-11 07:02:29 +0000  copying file ./www/plugins/cordova-plugin-file/www/fileSystemPaths.js ... 
2019-11-11 07:02:29 +0000  2548 bytes for ./www/plugins/cordova-plugin-file/www/fileSystemPaths.js
copying file ./www/plugins/cordova-plugin-file/www/FileEntry.js ... 
2019-11-11 07:02:29 +0000  3423 bytes for ./www/plugins/cordova-plugin-file/www/FileEntry.js
2019-11-11 07:02:29 +0000  copying file ./www/plugins/cordova-plugin-file/www/fileSystems.js ... 
2019-11-11 07:02:29 +0000  1047 bytes for ./www/plugins/cordova-plugin-file/www/fileSystems.js
2019-11-11 07:02:29 +0000  copying file ./www/plugins/cordova-plugin-file/www/DirectoryReader.js ... 
2019-11-11 07:02:29 +0000  2724 bytes for ./www/plugins/cordova-plugin-file/www/DirectoryReader.js
2019-11-11 07:02:29 +0000  copying file ./www/plugins/cordova-plugin-file/www/Metadata.js ... 
2019-11-11 07:02:29 +0000  1488 bytes for ./www/plugins/cordova-plugin-file/www/Metadata.js
2019-11-11 07:02:29 +0000  copying file ./www/plugins/cordova-plugin-file/www/ios/FileSystem.js ... 
2019-11-11 07:02:29 +0000  1222 bytes for ./www/plugins/cordova-plugin-file/www/ios/FileSystem.js
2019-11-11 07:02:29 +0000  copying file ./www/plugins/cordova-plugin-file/www/browser/isChrome.js ... 
2019-11-11 07:02:29 +0000  1232 bytes for ./www/plugins/cordova-plugin-file/www/browser/isChrome.js
2019-11-11 07:02:29 +0000  copying file ./www/plugins/cordova-plugin-file/www/LocalFileSystem.js ... 
2019-11-11 07:02:29 +0000  957 bytes for ./www/plugins/cordova-plugin-file/www/LocalFileSystem.js
2019-11-11 07:02:29 +0000  copying file ./www/plugins/cordova-plugin-file/www/FileReader.js ... 
2019-11-11 07:02:29 +0000  10523 bytes for ./www/plugins/cordova-plugin-file/www/FileReader.js
2019-11-11 07:02:29 +0000  copying file ./www/plugins/cordova-plugin-file/www/fileSystems-roots.js ... 
2019-11-11 07:02:29 +0000  1598 bytes for ./www/plugins/cordova-plugin-file/www/fileSystems-roots.js
2019-11-11 07:02:29 +0000  copying file ./www/plugins/cordova-plugin-file/www/FileUploadOptions.js ... 
2019-11-11 07:02:29 +0000  1831 bytes for ./www/plugins/cordova-plugin-file/www/FileUploadOptions.js
2019-11-11 07:02:29 +0000  copying file ./www/plugins/cordova-plugin-file/www/FileWriter.js ... 
2019-11-11 07:02:29 +0000  10544 bytes for ./www/plugins/cordova-plugin-file/www/FileWriter.js
2019-11-11 07:02:29 +0000  copying file ./www/plugins/cordova-plugin-file/www/FileError.js ... 
2019-11-11 07:02:29 +0000  1483 bytes for ./www/plugins/cordova-plugin-file/www/FileError.js
copying file ./www/plugins/cordova-plugin-file/www/FileUploadResult.js ... 
2019-11-11 07:02:29 +0000  1111 bytes for ./www/plugins/cordova-plugin-file/www/FileUploadResult.js
2019-11-11 07:02:29 +0000  copying file ./www/plugins/cordova-plugin-file/www/ProgressEvent.js ... 
2019-11-11 07:02:29 +0000  2544 bytes for ./www/plugins/cordova-plugin-file/www/ProgressEvent.js
copying file ./www/plugins/cordova-plugin-file/www/File.js ... 
2019-11-11 07:02:29 +0000  2714 bytes for ./www/plugins/cordova-plugin-file/www/File.js
2019-11-11 07:02:29 +0000  copying file ./www/plugins/cordova-plugin-file/www/resolveLocalFileSystemURI.js ... 
2019-11-11 07:02:29 +0000  4325 bytes for ./www/plugins/cordova-plugin-file/www/resolveLocalFileSystemURI.js
2019-11-11 07:02:29 +0000  copying file ./www/plugins/cordova-plugin-file/www/Entry.js ... 
2019-11-11 07:02:29 +0000  9869 bytes for ./www/plugins/cordova-plugin-file/www/Entry.js
2019-11-11 07:02:29 +0000  copying file ./www/plugins/cordova-plugin-file-opener2/www/plugins.FileOpener2.js ... 
2019-11-11 07:02:29 +0000  2492 bytes for ./www/plugins/cordova-plugin-file-opener2/www/plugins.FileOpener2.js
2019-11-11 07:02:29 +0000  copying file ./www/plugins/cordova-plugin-inappbrowser/www/inappbrowser.js ... 
2019-11-11 07:02:29 +0000  4485 bytes for ./www/plugins/cordova-plugin-inappbrowser/www/inappbrowser.js
2019-11-11 07:02:29 +0000  copying file ./www/plugins/cordova-plugin-device/www/device.js ... 
2019-11-11 07:02:29 +0000  3070 bytes for ./www/plugins/cordova-plugin-device/www/device.js
2019-11-11 07:02:29 +0000  copying file ./www/plugins/cordova-plugin-file-transfer/www/FileTransferError.js ... 
2019-11-11 07:02:29 +0000  1488 bytes for ./www/plugins/cordova-plugin-file-transfer/www/FileTransferError.js
2019-11-11 07:02:29 +0000  copying file ./www/plugins/cordova-plugin-file-transfer/www/FileTransfer.js ... 
2019-11-11 07:02:29 +0000  8568 bytes for ./www/plugins/cordova-plugin-file-transfer/www/FileTransfer.js
2019-11-11 07:02:29 +0000  copying file ./www/plugins/phonegap-plugin-barcodescanner/www/barcodescanner.js ... 
2019-11-11 07:02:29 +0000  5020 bytes for ./www/plugins/phonegap-plugin-barcodescanner/www/barcodescanner.js
2019-11-11 07:02:29 +0000  copying file ./www/plugins/cordova-plugin-splashscreen/www/splashscreen.js ... 
2019-11-11 07:02:29 +0000  1173 bytes for ./www/plugins/cordova-plugin-splashscreen/www/splashscreen.js
2019-11-11 07:02:29 +0000  copying file ./www/app.css ... 
2019-11-11 07:02:29 +0000  938897 bytes for ./www/app.css
2019-11-11 07:02:29 +0000  copying file ./www/static/icon.png ... 
2019-11-11 07:02:29 +0000  23251 bytes for ./www/static/icon.png
2019-11-11 07:02:29 +0000  copying file ./www/static/qrcode.png ... 
2019-11-11 07:02:29 +0000  1725 bytes for ./www/static/qrcode.png
2019-11-11 07:02:29 +0000  copying file ./www/static/logo-app/ios/iTunesArtwork@1x.png ... 
2019-11-11 07:02:29 +0000  28051 bytes for ./www/static/logo-app/ios/iTunesArtwork@1x.png
2019-11-11 07:02:29 +0000  copying file ./www/static/logo-app/ios/AppIcon.appiconset/Icon-App-76x76@2x.png ... 
2019-11-11 07:02:29 +0000  7397 bytes for ./www/static/logo-app/ios/AppIcon.appiconset/Icon-App-76x76@2x.png
2019-11-11 07:02:29 +0000  copying file ./www/static/logo-app/ios/AppIcon.appiconset/Icon-App-29x29@1x.png ... 
2019-11-11 07:02:29 +0000  1373 bytes for ./www/static/logo-app/ios/AppIcon.appiconset/Icon-App-29x29@1x.png
2019-11-11 07:02:29 +0000  copying file ./www/static/logo-app/ios/AppIcon.appiconset/Icon-App-40x40@1x.png ... 
2019-11-11 07:02:29 +0000  1942 bytes for ./www/static/logo-app/ios/AppIcon.appiconset/Icon-App-40x40@1x.png
2019-11-11 07:02:29 +0000  copying file ./www/static/logo-app/ios/AppIcon.appiconset/Icon-App-72x72@1x.png ... 
3520 bytes for ./www/static/logo-app/ios/AppIcon.appiconset/Icon-App-72x72@1x.png
copying file ./www/static/logo-app/ios/AppIcon.appiconset/Icon-App-20x20@1x.png ... 
2019-11-11 07:02:29 +0000  917 bytes for ./www/static/logo-app/ios/AppIcon.appiconset/Icon-App-20x20@1x.png
copying file ./www/static/logo-app/ios/AppIcon.appiconset/Icon-App-1024x1024@1x.png ... 
2019-11-11 07:02:29 +0000  97405 bytes for ./www/static/logo-app/ios/AppIcon.appiconset/Icon-App-1024x1024@1x.png
2019-11-11 07:02:29 +0000  copying file ./www/static/logo-app/ios/AppIcon.appiconset/Icon-App-83.5x83.5@2x.png ... 
2019-11-11 07:02:29 +0000  8077 bytes for ./www/static/logo-app/ios/AppIcon.appiconset/Icon-App-83.5x83.5@2x.png
2019-11-11 07:02:29 +0000  copying file ./www/static/logo-app/ios/AppIcon.appiconset/Icon-App-20x20@3x.png ... 
2019-11-11 07:02:29 +0000  2997 bytes for ./www/static/logo-app/ios/AppIcon.appiconset/Icon-App-20x20@3x.png
copying file ./www/static/logo-app/ios/AppIcon.appiconset/ItunesArtwork@2x.png ... 
2019-11-11 07:02:29 +0000  78439 bytes for ./www/static/logo-app/ios/AppIcon.appiconset/ItunesArtwork@2x.png
2019-11-11 07:02:29 +0000  copying file ./www/static/logo-app/ios/AppIcon.appiconset/Contents.json ... 
2019-11-11 07:02:29 +0000  3136 bytes for ./www/static/logo-app/ios/AppIcon.appiconset/Contents.json
copying file ./www/static/logo-app/ios/AppIcon.appiconset/Icon-App-20x20@2x.png ... 
2019-11-11 07:02:29 +0000  1942 bytes for ./www/static/logo-app/ios/AppIcon.appiconset/Icon-App-20x20@2x.png
copying file ./www/static/logo-app/ios/AppIcon.appiconset/Icon-App-29x29@3x.png ... 
2019-11-11 07:02:29 +0000  4233 bytes for ./www/static/logo-app/ios/AppIcon.appiconset/Icon-App-29x29@3x.png
2019-11-11 07:02:29 +0000  copying file ./www/static/logo-app/ios/AppIcon.appiconset/Icon-App-40x40@2x.png ... 
2019-11-11 07:02:29 +0000  3976 bytes for ./www/static/logo-app/ios/AppIcon.appiconset/Icon-App-40x40@2x.png
2019-11-11 07:02:29 +0000  copying file ./www/static/logo-app/ios/AppIcon.appiconset/Icon-App-72x72@2x.png ... 
2019-11-11 07:02:29 +0000  6976 bytes for ./www/static/logo-app/ios/AppIcon.appiconset/Icon-App-72x72@2x.png
2019-11-11 07:02:29 +0000  copying file ./www/static/logo-app/ios/AppIcon.appiconset/Icon-App-60x60@3x.png ... 
2019-11-11 07:02:29 +0000  8834 bytes for ./www/static/logo-app/ios/AppIcon.appiconset/Icon-App-60x60@3x.png
2019-11-11 07:02:29 +0000  copying file ./www/static/logo-app/ios/AppIcon.appiconset/Icon-App-60x60@2x.png ... 
2019-11-11 07:02:29 +0000  5710 bytes for ./www/static/logo-app/ios/AppIcon.appiconset/Icon-App-60x60@2x.png
2019-11-11 07:02:29 +0000  copying file ./www/static/logo-app/ios/AppIcon.appiconset/Icon-App-76x76@1x.png ... 
2019-11-11 07:02:29 +0000  3682 bytes for ./www/static/logo-app/ios/AppIcon.appiconset/Icon-App-76x76@1x.png
2019-11-11 07:02:29 +0000  copying file ./www/static/logo-app/ios/AppIcon.appiconset/Icon-App-40x40@3x.png ... 
2019-11-11 07:02:29 +0000  5710 bytes for ./www/static/logo-app/ios/AppIcon.appiconset/Icon-App-40x40@3x.png
2019-11-11 07:02:29 +0000  copying file ./www/static/logo-app/ios/AppIcon.appiconset/Icon-App-29x29@2x.png ... 
2019-11-11 07:02:29 +0000  2963 bytes for ./www/static/logo-app/ios/AppIcon.appiconset/Icon-App-29x29@2x.png
2019-11-11 07:02:29 +0000  copying file ./www/static/logo-app/ios/README.md ... 
2019-11-11 07:02:29 +0000  1003 bytes for ./www/static/logo-app/ios/README.md
2019-11-11 07:02:29 +0000  copying file ./www/static/logo-app/ios/iTunesArtwork@2x.png ... 
2019-11-11 07:02:29 +0000  78439 bytes for ./www/static/logo-app/ios/iTunesArtwork@2x.png
2019-11-11 07:02:29 +0000  copying file ./www/static/logo-app/ios/iTunesArtwork@3x.png ... 
2019-11-11 07:02:29 +0000  141800 bytes for ./www/static/logo-app/ios/iTunesArtwork@3x.png
2019-11-11 07:02:29 +0000  copying file ./www/static/logo-app/android/mipmap-mdpi/ic_launcher.png ... 
2019-11-11 07:02:29 +0000  2311 bytes for ./www/static/logo-app/android/mipmap-mdpi/ic_launcher.png
2019-11-11 07:02:29 +0000  copying file ./www/static/logo-app/android/playstore-icon.png ... 
2019-11-11 07:02:29 +0000  32968 bytes for ./www/static/logo-app/android/playstore-icon.png
2019-11-11 07:02:29 +0000  copying file ./www/static/logo-app/android/mipmap-hdpi/ic_launcher.png ... 
2019-11-11 07:02:29 +0000  3520 bytes for ./www/static/logo-app/android/mipmap-hdpi/ic_launcher.png
2019-11-11 07:02:29 +0000  copying file ./www/static/logo-app/android/mipmap-ldpi/ic_launcher.png ... 
2019-11-11 07:02:29 +0000  1731 bytes for ./www/static/logo-app/android/mipmap-ldpi/ic_launcher.png
2019-11-11 07:02:29 +0000  copying file ./www/static/logo-app/android/mipmap-xxxhdpi/ic_launcher.png ... 
2019-11-11 07:02:29 +0000  9298 bytes for ./www/static/logo-app/android/mipmap-xxxhdpi/ic_launcher.png
2019-11-11 07:02:29 +0000  copying file ./www/static/logo-app/android/mipmap-xxhdpi/ic_launcher.png ... 
2019-11-11 07:02:29 +0000  6976 bytes for ./www/static/logo-app/android/mipmap-xxhdpi/ic_launcher.png
2019-11-11 07:02:29 +0000  copying file ./www/static/logo-app/android/mipmap-xhdpi/ic_launcher.png ... 
2019-11-11 07:02:29 +0000  4691 bytes for ./www/static/logo-app/android/mipmap-xhdpi/ic_launcher.png
2019-11-11 07:02:29 +0000  copying file ./www/static/logo-app/imessenger/icon-messages-app-iPhone-60x45@1x.png ... 
2019-11-11 07:02:29 +0000  2318 bytes for ./www/static/logo-app/imessenger/icon-messages-app-iPhone-60x45@1x.png
2019-11-11 07:02:29 +0000  copying file ./www/static/logo-app/imessenger/icon-messages-app-iPadAir-67x50@2x.png ... 
2019-11-11 07:02:29 +0000  4763 bytes for ./www/static/logo-app/imessenger/icon-messages-app-iPadAir-67x50@2x.png
2019-11-11 07:02:29 +0000  copying file ./www/static/logo-app/imessenger/icon-messages-app-store-1024x768.png ... 
2019-11-11 07:02:29 +0000  65846 bytes for ./www/static/logo-app/imessenger/icon-messages-app-store-1024x768.png
2019-11-11 07:02:29 +0000  copying file ./www/static/logo-app/imessenger/icon-messages-transcript-32x24@3x.png ... 
2019-11-11 07:02:29 +0000  3482 bytes for ./www/static/logo-app/imessenger/icon-messages-transcript-32x24@3x.png
copying file ./www/static/logo-app/imessenger/icon-messages-app-27x20@1x.png ... 
2019-11-11 07:02:29 +0000  1032 bytes for ./www/static/logo-app/imessenger/icon-messages-app-27x20@1x.png
2019-11-11 07:02:29 +0000  copying file ./www/static/logo-app/imessenger/icon-messages-transcript-32x24@2x.png ... 
2019-11-11 07:02:29 +0000  2359 bytes for ./www/static/logo-app/imessenger/icon-messages-transcript-32x24@2x.png
2019-11-11 07:02:29 +0000  copying file ./www/static/logo-app/imessenger/icon-messages-app-27x20@2x.png ... 
2019-11-11 07:02:29 +0000  2111 bytes for ./www/static/logo-app/imessenger/icon-messages-app-27x20@2x.png
2019-11-11 07:02:29 +0000  copying file ./www/static/logo-app/imessenger/icon-messages-transcript-32x24@1x.png ... 
2019-11-11 07:02:29 +0000  1245 bytes for ./www/static/logo-app/imessenger/icon-messages-transcript-32x24@1x.png
2019-11-11 07:02:29 +0000  copying file ./www/static/logo-app/imessenger/icon-messages-app-27x20@3x.png ... 
2019-11-11 07:02:29 +0000  2936 bytes for ./www/static/logo-app/imessenger/icon-messages-app-27x20@3x.png
2019-11-11 07:02:29 +0000  copying file ./www/static/logo-app/imessenger/icon-messages-app-iPadAir-74x55@2x.png ... 
2019-11-11 07:02:29 +0000  5206 bytes for ./www/static/logo-app/imessenger/icon-messages-app-iPadAir-74x55@2x.png
2019-11-11 07:02:29 +0000  copying file ./www/static/logo-app/imessenger/icon-messages-app-iPhone-60x45@3x.png ... 
2019-11-11 07:02:29 +0000  6344 bytes for ./www/static/logo-app/imessenger/icon-messages-app-iPhone-60x45@3x.png
2019-11-11 07:02:29 +0000  copying file ./www/static/logo-app/imessenger/icon-messages-app-iPhone-60x45@2x.png ... 
2019-11-11 07:02:29 +0000  4217 bytes for ./www/static/logo-app/imessenger/icon-messages-app-iPhone-60x45@2x.png
2019-11-11 07:02:29 +0000  copying file ./www/static/logo-app/watchkit/AppIcon.appiconset/Icon-40@2x.png ... 
2019-11-11 07:02:29 +0000  3976 bytes for ./www/static/logo-app/watchkit/AppIcon.appiconset/Icon-40@2x.png
2019-11-11 07:02:29 +0000  copying file ./www/static/logo-app/watchkit/AppIcon.appiconset/Icon-29@2x.png ... 
2019-11-11 07:02:29 +0000  2963 bytes for ./www/static/logo-app/watchkit/AppIcon.appiconset/Icon-29@2x.png
copying file ./www/static/logo-app/watchkit/AppIcon.appiconset/Icon-44@2x.png ... 
2019-11-11 07:02:29 +0000  4287 bytes for ./www/static/logo-app/watchkit/AppIcon.appiconset/Icon-44@2x.png
2019-11-11 07:02:29 +0000  copying file ./www/static/logo-app/watchkit/AppIcon.appiconset/Icon-29@3x.png ... 
2019-11-11 07:02:29 +0000  4233 bytes for ./www/static/logo-app/watchkit/AppIcon.appiconset/Icon-29@3x.png
2019-11-11 07:02:29 +0000  copying file ./www/static/logo-app/watchkit/AppIcon.appiconset/Icon-27.5@2x.png ... 
2019-11-11 07:02:29 +0000  2658 bytes for ./www/static/logo-app/watchkit/AppIcon.appiconset/Icon-27.5@2x.png
2019-11-11 07:02:29 +0000  copying file ./www/static/logo-app/watchkit/AppIcon.appiconset/Icon-86@2x.png ... 
2019-11-11 07:02:29 +0000  8418 bytes for ./www/static/logo-app/watchkit/AppIcon.appiconset/Icon-86@2x.png
2019-11-11 07:02:29 +0000  copying file ./www/static/logo-app/watchkit/AppIcon.appiconset/Contents.json ... 
2019-11-11 07:02:29 +0000  1725 bytes for ./www/static/logo-app/watchkit/AppIcon.appiconset/Contents.json
2019-11-11 07:02:29 +0000  copying file ./www/static/logo-app/watchkit/AppIcon.appiconset/Icon-98@2x.png ... 
2019-11-11 07:02:29 +0000  9802 bytes for ./www/static/logo-app/watchkit/AppIcon.appiconset/Icon-98@2x.png
2019-11-11 07:02:29 +0000  copying file ./www/static/logo-app/watchkit/AppIcon.appiconset/Icon-24@2x.png ... 
2019-11-11 07:02:29 +0000  2311 bytes for ./www/static/logo-app/watchkit/AppIcon.appiconset/Icon-24@2x.png
2019-11-11 07:02:29 +0000  copying file ./www/static/network/images/flow.png ... 
2019-11-11 07:02:29 +0000  875 bytes for ./www/static/network/images/flow.png
2019-11-11 07:02:29 +0000  copying file ./www/static/img/img-update-new.png ... 
2019-11-11 07:02:29 +0000  111238 bytes for ./www/static/img/img-update-new.png
2019-11-11 07:02:29 +0000  copying file ./www/static/img/round.png ... 
2019-11-11 07:02:29 +0000  299 bytes for ./www/static/img/round.png
2019-11-11 07:02:29 +0000  copying file ./www/static/img/bg-evecom.jpg ... 
2019-11-11 07:02:29 +0000  139712 bytes for ./www/static/img/bg-evecom.jpg
2019-11-11 07:02:29 +0000  copying file ./www/static/img/bg-login.png ... 
2019-11-11 07:02:29 +0000  1316746 bytes for ./www/static/img/bg-login.png
2019-11-11 07:02:29 +0000  copying file ./www/static/img/img-meeting-room-1.jpg ... 
2019-11-11 07:02:29 +0000  451800 bytes for ./www/static/img/img-meeting-room-1.jpg
copying file ./www/static/img/img-meeting-room-2.jpg ... 
2019-11-11 07:02:29 +0000  285563 bytes for ./www/static/img/img-meeting-room-2.jpg
2019-11-11 07:02:29 +0000  copying file ./www/static/img/img-meeting-room-3.jpg ... 
2019-11-11 07:02:29 +0000  63363 bytes for ./www/static/img/img-meeting-room-3.jpg
2019-11-11 07:02:29 +0000  copying file ./www/static/logo/app-logo.png ... 
2019-11-11 07:02:29 +0000  188766 bytes for ./www/static/logo/app-logo.png
2019-11-11 07:02:29 +0000  copying file ./www/static/logo/logo-app-1024.png ... 
2019-11-11 07:02:29 +0000  97405 bytes for ./www/static/logo/logo-app-1024.png
2019-11-11 07:02:29 +0000  copying file ./www/static/logo/logo-default.png ... 
2019-11-11 07:02:29 +0000  188766 bytes for ./www/static/logo/logo-default.png
2019-11-11 07:02:29 +0000  copying file ./www/static/logo/logo-app.png ... 
2019-11-11 07:02:29 +0000  188766 bytes for ./www/static/logo/logo-app.png
2019-11-11 07:02:29 +0000  copying file ./www/static/logo/logo-original.png ... 
2019-11-11 07:02:29 +0000  23251 bytes for ./www/static/logo/logo-original.png
2019-11-11 07:02:29 +0000  copying file ./www/static/logo/logo-huafu.png ... 
2019-11-11 07:02:29 +0000  7513 bytes for ./www/static/logo/logo-huafu.png
2019-11-11 07:02:29 +0000  copying file ./www/static/logo/logo-changwei.png ... 
2019-11-11 07:02:29 +0000  48902 bytes for ./www/static/logo/logo-changwei.png
2019-11-11 07:02:29 +0000  copying file ./www/static/icon/icon-tab-mine.png ... 
2019-11-11 07:02:29 +0000  2606 bytes for ./www/static/icon/icon-tab-mine.png
2019-11-11 07:02:29 +0000  copying file ./www/static/icon/icon-before-share.png ... 
2019-11-11 07:02:29 +0000  2431 bytes for ./www/static/icon/icon-before-share.png
2019-11-11 07:02:29 +0000  copying file ./www/static/icon/icon-tab-meeting.png ... 
2019-11-11 07:02:29 +0000  3127 bytes for ./www/static/icon/icon-tab-meeting.png
copying file ./www/static/icon/icon-tab-book-active.png ... 
2019-11-11 07:02:29 +0000  2450 bytes for ./www/static/icon/icon-tab-book-active.png
2019-11-11 07:02:29 +0000  copying file ./www/static/icon/icon-entry-report.png ... 
2019-11-11 07:02:29 +0000  9562 bytes for ./www/static/icon/icon-entry-report.png
2019-11-11 07:02:29 +0000  copying file ./www/static/icon/icon-room-alert-non.png ... 
2019-11-11 07:02:29 +0000  16389 bytes for ./www/static/icon/icon-room-alert-non.png
2019-11-11 07:02:29 +0000  copying file ./www/static/icon/icon-tab-home.png ... 
2019-11-11 07:02:29 +0000  2281 bytes for ./www/static/icon/icon-tab-home.png
2019-11-11 07:02:29 +0000  copying file ./www/static/icon/icon-close.png ... 
2019-11-11 07:02:29 +0000  1567 bytes for ./www/static/icon/icon-close.png
copying file ./www/static/icon/icon-before-notice.png ... 
2019-11-11 07:02:29 +0000  1888 bytes for ./www/static/icon/icon-before-notice.png
2019-11-11 07:02:29 +0000  copying file ./www/static/icon/icon-room-alert-normal.png ... 
2019-11-11 07:02:29 +0000  15760 bytes for ./www/static/icon/icon-room-alert-normal.png
2019-11-11 07:02:29 +0000  copying file ./www/static/icon/icon-tab-book.png ... 
2019-11-11 07:02:29 +0000  2504 bytes for ./www/static/icon/icon-tab-book.png
2019-11-11 07:02:29 +0000  copying file ./www/static/icon/icon-tab-home-active.png ... 
2019-11-11 07:02:29 +0000  1779 bytes for ./www/static/icon/icon-tab-home-active.png
2019-11-11 07:02:29 +0000  copying file ./www/static/icon/icon-entry-request.png ... 
2019-11-11 07:02:29 +0000  4618 bytes for ./www/static/icon/icon-entry-request.png
2019-11-11 07:02:29 +0000  copying file ./www/static/icon/icon-entry-monitor.png ... 
2019-11-11 07:02:29 +0000  10331 bytes for ./www/static/icon/icon-entry-monitor.png
2019-11-11 07:02:29 +0000  copying file ./www/static/icon/icon-before-about.png ... 
2019-11-11 07:02:29 +0000  2683 bytes for ./www/static/icon/icon-before-about.png
2019-11-11 07:02:29 +0000  copying file ./www/static/icon/icon-room-free.png ... 
2019-11-11 07:02:29 +0000  2313 bytes for ./www/static/icon/icon-room-free.png
2019-11-11 07:02:29 +0000  copying file ./www/static/icon/icon-before-update.png ... 
2019-11-11 07:02:29 +0000  2635 bytes for ./www/static/icon/icon-before-update.png
2019-11-11 07:02:29 +0000  copying file ./www/static/icon/icon-before-edit.png ... 
2019-11-11 07:02:29 +0000  2299 bytes for ./www/static/icon/icon-before-edit.png
2019-11-11 07:02:29 +0000  copying file ./www/static/icon/icon-entry-room.png ... 
2019-11-11 07:02:29 +0000  10321 bytes for ./www/static/icon/icon-entry-room.png
2019-11-11 07:02:29 +0000  copying file ./www/static/icon/icon-room-using.png ... 
2019-11-11 07:02:29 +0000  2525 bytes for ./www/static/icon/icon-room-using.png
2019-11-11 07:02:29 +0000  copying file ./www/static/icon/icon-before-logout.png ... 
2019-11-11 07:02:29 +0000  2350 bytes for ./www/static/icon/icon-before-logout.png
2019-11-11 07:02:29 +0000  copying file ./www/static/icon/icon-before-password.png ... 
2019-11-11 07:02:29 +0000  2061 bytes for ./www/static/icon/icon-before-password.png
2019-11-11 07:02:29 +0000  copying file ./www/static/icon/icon-tab-meeting-active.png ... 
2019-11-11 07:02:29 +0000  2521 bytes for ./www/static/icon/icon-tab-meeting-active.png
2019-11-11 07:02:29 +0000  copying file ./www/static/icon/icon-room-alert-wrong.png ... 
2019-11-11 07:02:29 +0000  15593 bytes for ./www/static/icon/icon-room-alert-wrong.png
2019-11-11 07:02:29 +0000  copying file ./www/static/icon/icon-tab-mine-active.png ... 
2019-11-11 07:02:29 +0000  1961 bytes for ./www/static/icon/icon-tab-mine-active.png
2019-11-11 07:02:29 +0000  copying file ./www/static/icon/icon-before-label.png ... 
2019-11-11 07:02:29 +0000  2958 bytes for ./www/static/icon/icon-before-label.png
2019-11-11 07:02:29 +0000  copying file ./www/static/icon/icon-entry-examine.png ... 
2019-11-11 07:02:29 +0000  10020 bytes for ./www/static/icon/icon-entry-examine.png
2019-11-11 07:02:29 +0000  copying file ./www/cordova-js-src/exec.js ... 
2019-11-11 07:02:29 +0000  8877 bytes for ./www/cordova-js-src/exec.js
2019-11-11 07:02:29 +0000  copying file ./www/cordova-js-src/plugin/ios/logger.js ... 
2019-11-11 07:02:29 +0000  10233 bytes for ./www/cordova-js-src/plugin/ios/logger.js
copying file ./www/cordova-js-src/plugin/ios/console.js ... 
2019-11-11 07:02:29 +0000  6822 bytes for ./www/cordova-js-src/plugin/ios/console.js
2019-11-11 07:02:29 +0000  copying file ./www/cordova-js-src/platform.js ... 
2019-11-11 07:02:29 +0000  1168 bytes for ./www/cordova-js-src/platform.js
2019-11-11 07:02:29 +0000  copying file ./www/app.css.map ... 
2019-11-11 07:02:29 +0000  1309775 bytes for ./www/app.css.map
2019-11-11 07:02:29 +0000  copying file ./www/cordova_plugins.js ... 
2019-11-11 07:02:29 +0000  7157 bytes for ./www/cordova_plugins.js
2019-11-11 07:02:29 +0000  copying file ./www/fonts/Framework7Icons-Regular.5fce7c1.woff ... 
2019-11-11 07:02:29 +0000  40036 bytes for ./www/fonts/Framework7Icons-Regular.5fce7c1.woff
2019-11-11 07:02:29 +0000  copying file ./www/fonts/Framework7Icons-Regular.19158ff.woff2 ... 
2019-11-11 07:02:29 +0000  31456 bytes for ./www/fonts/Framework7Icons-Regular.19158ff.woff2
2019-11-11 07:02:29 +0000  copying file ./www/fonts/MaterialIcons-Regular.012cf6a.woff ... 
2019-11-11 07:02:29 +0000  57620 bytes for ./www/fonts/MaterialIcons-Regular.012cf6a.woff
2019-11-11 07:02:29 +0000  copying file ./www/fonts/MaterialIcons-Regular.a37b0c0.ttf ... 
2019-11-11 07:02:29 +0000  128180 bytes for ./www/fonts/MaterialIcons-Regular.a37b0c0.ttf
2019-11-11 07:02:29 +0000  copying file ./www/fonts/Framework7Icons-Regular.1113710.ttf ... 
2019-11-11 07:02:29 +0000  82560 bytes for ./www/fonts/Framework7Icons-Regular.1113710.ttf
2019-11-11 07:02:29 +0000  copying file ./www/fonts/MaterialIcons-Regular.570eb83.woff2 ... 
2019-11-11 07:02:29 +0000  44300 bytes for ./www/fonts/MaterialIcons-Regular.570eb83.woff2
2019-11-11 07:02:29 +0000  copying file ./www/fonts/Framework7Icons-Regular.28db829.eot ... 
2019-11-11 07:02:29 +0000  82770 bytes for ./www/fonts/Framework7Icons-Regular.28db829.eot
2019-11-11 07:02:29 +0000  copying file ./www/fonts/MaterialIcons-Regular.e79bfd8.eot ... 
2019-11-11 07:02:29 +0000  143258 bytes for ./www/fonts/MaterialIcons-Regular.e79bfd8.eot
2019-11-11 07:02:29 +0000  copying file ./www/app.js ... 
2019-11-11 07:02:29 +0000  3503659 bytes for ./www/app.js
2019-11-11 07:02:29 +0000  copying file ./LaunchImage-700-Portrait~ipad.png ... 
2019-11-11 07:02:29 +0000  575106 bytes for ./LaunchImage-700-Portrait~ipad.png
2019-11-11 07:02:29 +0000  copying file ./Assets.car ... 
2019-11-11 07:02:29 +0000  235272 bytes for ./Assets.car
2019-11-11 07:02:29 +0000  copying file ./AppIcon40x40@2x~ipad.png ... 
2019-11-11 07:02:29 +0000  5112 bytes for ./AppIcon40x40@2x~ipad.png
2019-11-11 07:02:29 +0000  copying file ./AppIcon76x76@2x~ipad.png ... 
2019-11-11 07:02:29 +0000  8945 bytes for ./AppIcon76x76@2x~ipad.png
2019-11-11 07:02:29 +0000  copying file ./LaunchImage-800-Portrait-736h@3x.png ... 
2019-11-11 07:02:29 +0000  1746045 bytes for ./LaunchImage-800-Portrait-736h@3x.png
2019-11-11 07:02:29 +0000  copying file ./AppIcon72x72~ipad.png ... 
4521 bytes for ./AppIcon72x72~ipad.png
copying file ./CDVLaunchScreen.storyboardc/01J-lp-oVM-view-Ze5-6b-2t3.nib/objects-13.0+.nib ... 
2327 bytes for ./CDVLaunchScreen.storyboardc/01J-lp-oVM-view-Ze5-6b-2t3.nib/objects-13.0+.nib
copying file ./CDVLaunchScreen.storyboardc/01J-lp-oVM-view-Ze5-6b-2t3.nib/runtime.nib ... 
2019-11-11 07:02:29 +0000  2326 bytes for ./CDVLaunchScreen.storyboardc/01J-lp-oVM-view-Ze5-6b-2t3.nib/runtime.nib
2019-11-11 07:02:29 +0000  copying file ./CDVLaunchScreen.storyboardc/UIViewController-01J-lp-oVM.nib/objects-13.0+.nib ... 
2019-11-11 07:02:29 +0000  896 bytes for ./CDVLaunchScreen.storyboardc/UIViewController-01J-lp-oVM.nib/objects-13.0+.nib
2019-11-11 07:02:29 +0000  copying file ./CDVLaunchScreen.storyboardc/UIViewController-01J-lp-oVM.nib/runtime.nib ... 
2019-11-11 07:02:29 +0000  896 bytes for ./CDVLaunchScreen.storyboardc/UIViewController-01J-lp-oVM.nib/runtime.nib
2019-11-11 07:02:29 +0000  copying file ./CDVLaunchScreen.storyboardc/Info.plist ... 
2019-11-11 07:02:29 +0000  258 bytes for ./CDVLaunchScreen.storyboardc/Info.plist
2019-11-11 07:02:29 +0000  copying file ./LaunchImage-700@2x.png ... 
2019-11-11 07:02:29 +0000  440365 bytes for ./LaunchImage-700@2x.png
2019-11-11 07:02:29 +0000  copying file ./AppIcon83.5x83.5@2x~ipad.png ... 
2019-11-11 07:02:29 +0000  9662 bytes for ./AppIcon83.5x83.5@2x~ipad.png
2019-11-11 07:02:29 +0000  copying file ./LaunchImage-700-568h@2x.png ... 
2019-11-11 07:02:29 +0000  559376 bytes for ./LaunchImage-700-568h@2x.png
2019-11-11 07:02:29 +0000  copying file ./AppIcon29x29@2x~ipad.png ... 
2019-11-11 07:02:29 +0000  3550 bytes for ./AppIcon29x29@2x~ipad.png
2019-11-11 07:02:29 +0000  copying file ./AppIcon40x40~ipad.png ... 
2019-11-11 07:02:29 +0000  2331 bytes for ./AppIcon40x40~ipad.png
2019-11-11 07:02:29 +0000  copying file ./智慧会管 ... 
2019-11-11 07:02:29 +0000  835248 bytes for ./智慧会管
2019-11-11 07:02:29 +0000  copying file ./AppIcon20x20~ipad.png ... 
2019-11-11 07:02:29 +0000  1130 bytes for ./AppIcon20x20~ipad.png
2019-11-11 07:02:29 +0000  copying file ./LaunchImage.png ... 
2019-11-11 07:02:29 +0000  112170 bytes for ./LaunchImage.png
2019-11-11 07:02:29 +0000  copying file ./embedded.mobileprovision ... 
2019-11-11 07:02:29 +0000  25440 bytes for ./embedded.mobileprovision
2019-11-11 07:02:29 +0000  copying file ./LaunchImage-700-Portrait@2x~ipad.png ... 
2019-11-11 07:02:29 +0000  1845557 bytes for ./LaunchImage-700-Portrait@2x~ipad.png
2019-11-11 07:02:29 +0000  copying file ./CDVBarcodeScanner.bundle/beep.caf ... 
2019-11-11 07:02:29 +0000  16020 bytes for ./CDVBarcodeScanner.bundle/beep.caf
2019-11-11 07:02:29 +0000  copying file ./CDVBarcodeScanner.bundle/torch.png ... 
2019-11-11 07:02:29 +0000  3173 bytes for ./CDVBarcodeScanner.bundle/torch.png
2019-11-11 07:02:29 +0000  copying file ./CDVBarcodeScanner.bundle/torch@2x.png ... 
2019-11-11 07:02:29 +0000  3687 bytes for ./CDVBarcodeScanner.bundle/torch@2x.png
2019-11-11 07:02:29 +0000  copying file ./CDVBarcodeScanner.bundle/torch@3x.png ... 
2019-11-11 07:02:29 +0000  4302 bytes for ./CDVBarcodeScanner.bundle/torch@3x.png
2019-11-11 07:02:29 +0000  copying file ./AppIcon20x20@2x~ipad.png ... 
2019-11-11 07:02:29 +0000  2331 bytes for ./AppIcon20x20@2x~ipad.png
2019-11-11 07:02:29 +0000  copying file ./Info.plist ... 
2019-11-11 07:02:29 +0000  1966 bytes for ./Info.plist
2019-11-11 07:02:29 +0000  copying file ./PkgInfo ... 
2019-11-11 07:02:29 +0000  8 bytes for ./PkgInfo
2019-11-11 07:02:29 +0000  copying file ./AppIcon76x76~ipad.png ... 
2019-11-11 07:02:29 +0000  4749 bytes for ./AppIcon76x76~ipad.png
2019-11-11 07:02:29 +0000  /usr/bin/ditto exited with 0
2019-11-11 07:02:29 +0000  Processing step: IDEDistributionEmbedProfileStep
2019-11-11 07:02:29 +0000  Processing step: IDEDistributionAppThinningPlistStep
2019-11-11 07:02:29 +0000  Skipping step: IDEDistributionAppThinningPlistStep because it said so
2019-11-11 07:02:29 +0000  Processing step: IDEDistributionCompileBitcodeStep
2019-11-11 07:02:29 +0000  Skipping step: IDEDistributionCompileBitcodeStep because it said so
2019-11-11 07:02:29 +0000  Processing step: IDEDistributionCodeSlimmingStep
2019-11-11 07:02:29 +0000  Processing step: IDEDistributionCopyBCSymbolMapsStep
2019-11-11 07:02:29 +0000  Skipping step: IDEDistributionCopyBCSymbolMapsStep because it said so
2019-11-11 07:02:29 +0000  Processing step: IDEDistributionSymbolsStep
2019-11-11 07:02:29 +0000  Skipping step: IDEDistributionSymbolsStep because it said so
2019-11-11 07:02:29 +0000  Processing step: IDEDistributionAppThinningStep
2019-11-11 07:02:29 +0000  Skipping step: IDEDistributionAppThinningStep because it said so
2019-11-11 07:02:29 +0000  Processing step: IDEDistributionArchThinningStep
2019-11-11 07:02:29 +0000  Running /Applications/Xcode.app/Contents/Developer/Toolchains/XcodeDefault.xctoolchain/usr/bin/lipo '/var/folders/cv/6gd32hj10_b8hdk8gc65vwvw0000gn/T/XcodeDistPipeline.~~~IiwLO8/Root/Payload/智慧会管.app/智慧会管' '-verify_arch' 'arm64e'
2019-11-11 07:02:29 +0000  /Applications/Xcode.app/Contents/Developer/Toolchains/XcodeDefault.xctoolchain/usr/bin/lipo exited with 1
2019-11-11 07:02:29 +0000  Skipping architecture thinning for item "智慧会管" because arch "arm64e" wasn't found
2019-11-11 07:02:29 +0000  Processing step: IDEDistributionODRStep
2019-11-11 07:02:29 +0000  Processing step: IDEDistributionStripXattrsStep
2019-11-11 07:02:29 +0000  Running /usr/bin/xattr '-crs' '/var/folders/cv/6gd32hj10_b8hdk8gc65vwvw0000gn/T/XcodeDistPipeline.~~~IiwLO8/Root/Payload/智慧会管.app'
2019-11-11 07:02:30 +0000  /usr/bin/xattr exited with 0
2019-11-11 07:02:30 +0000  Processing step: IDEDistributionCodesignStep
2019-11-11 07:02:30 +0000  Entitlements for <IDEDistributionItem: 0x7fe5861090c0; bundleID='net.evecom.cloud.meetings', path='<DVTFilePath:0x7fe5847f0000:'/Users/evecom/Library/Developer/Xcode/Archives/2019-11-11/智慧会管 2019-11-11, 15.02.xcarchive/Products/Applications/智慧会管.app'>', codeSigningInfo='<_DVTCodeSigningInformation_Path: 0x7fe58602bdf0; isSigned='1', isAdHocSigned='0', signingCertificate='<DVTSigningCertificate: 0x7fe57c4f5f00; name='Apple Development: 仕波 潘 (V9P8M94KJA)', hash='59906E89B0D23C494082AED34214051791A2ED77', serialNumber='7900201FB5D14182', certificateKinds='(
    "1.2.840.113635.100.6.1.12",
    "1.2.840.113635.100.6.1.2"
), issueDate='2019-10-14 09:09:32 +0000''>', entitlements='{
    "application-identifier" = "FNK76XWED5.net.evecom.cloud.meetings";
    "com.apple.developer.team-identifier" = FNK76XWED5;
    "get-task-allow" = 1;
}', teamID='FNK76XWED5', identifier='net.evecom.cloud.meetings', executablePath='<DVTFilePath:0x7fe5857f7620:'/Users/evecom/Library/Developer/Xcode/Archives/2019-11-11/智慧会管 2019-11-11, 15.02.xcarchive/Products/Applications/智慧会管.app/智慧会管'>', hardenedRuntime='0'>'>: {
    "application-identifier" = "FNK76XWED5.net.evecom.cloud.meetings";
    "com.apple.developer.team-identifier" = FNK76XWED5;
    "get-task-allow" = 0;
}
2019-11-11 07:02:30 +0000  Writing entitlements for <IDEDistributionItem: 0x7fe5861090c0; bundleID='net.evecom.cloud.meetings', path='<DVTFilePath:0x7fe5847f0000:'/Users/evecom/Library/Developer/Xcode/Archives/2019-11-11/智慧会管 2019-11-11, 15.02.xcarchive/Products/Applications/智慧会管.app'>', codeSigningInfo='<_DVTCodeSigningInformation_Path: 0x7fe58602bdf0; isSigned='1', isAdHocSigned='0', signingCertificate='<DVTSigningCertificate: 0x7fe581590320; name='Apple Development: 仕波 潘 (V9P8M94KJA)', hash='59906E89B0D23C494082AED34214051791A2ED77', serialNumber='7900201FB5D14182', certificateKinds='(
    "1.2.840.113635.100.6.1.12",
    "1.2.840.113635.100.6.1.2"
), issueDate='2019-10-14 09:09:32 +0000''>', entitlements='{
    "application-identifier" = "FNK76XWED5.net.evecom.cloud.meetings";
    "com.apple.developer.team-identifier" = FNK76XWED5;
    "get-task-allow" = 1;
}', teamID='FNK76XWED5', identifier='net.evecom.cloud.meetings', executablePath='<DVTFilePath:0x7fe5857f7620:'/Users/evecom/Library/Developer/Xcode/Archives/2019-11-11/智慧会管 2019-11-11, 15.02.xcarchive/Products/Applications/智慧会管.app/智慧会管'>', hardenedRuntime='0'>'> to: /var/folders/cv/6gd32hj10_b8hdk8gc65vwvw0000gn/T/XcodeDistPipeline.~~~IiwLO8/entitlements~~~bYyGOA
2019-11-11 07:02:30 +0000  Running /usr/bin/codesign '-vvv' '--force' '--sign' '34455388EB3C7E4F51D2738412C20A9D52827B5A' '--entitlements' '/var/folders/cv/6gd32hj10_b8hdk8gc65vwvw0000gn/T/XcodeDistPipeline.~~~IiwLO8/entitlements~~~bYyGOA' '--preserve-metadata=identifier,flags,runtime' '/var/folders/cv/6gd32hj10_b8hdk8gc65vwvw0000gn/T/XcodeDistPipeline.~~~IiwLO8/Root/Payload/智慧会管.app'
2019-11-11 07:02:30 +0000  /var/folders/cv/6gd32hj10_b8hdk8gc65vwvw0000gn/T/XcodeDistPipeline.~~~IiwLO8/Root/Payload/智慧会管.app: replacing existing signature
2019-11-11 07:02:30 +0000  /var/folders/cv/6gd32hj10_b8hdk8gc65vwvw0000gn/T/XcodeDistPipeline.~~~IiwLO8/Root/Payload/智慧会管.app: signed app bundle with Mach-O universal (armv7 arm64) [net.evecom.cloud.meetings]
2019-11-11 07:02:30 +0000  /usr/bin/codesign exited with 0
2019-11-11 07:02:30 +0000  Processing step: IDEDistributionZipODRItemStep
2019-11-11 07:02:30 +0000  Skipping step: IDEDistributionZipODRItemStep because it said so
2019-11-11 07:02:30 +0000  Processing step: IDEDistributionCreateIPAStep
2019-11-11 07:02:30 +0000  Running /usr/bin/ditto '-V' '-c' '-k' '--norsrc' '/var/folders/cv/6gd32hj10_b8hdk8gc65vwvw0000gn/T/XcodeDistPipeline.~~~IiwLO8/Root' '/var/folders/cv/6gd32hj10_b8hdk8gc65vwvw0000gn/T/XcodeDistPipeline.~~~IiwLO8/Packages/智慧会管.ipa'
2019-11-11 07:02:30 +0000  >>> Copying /var/folders/cv/6gd32hj10_b8hdk8gc65vwvw0000gn/T/XcodeDistPipeline.~~~IiwLO8/Root 
2019-11-11 07:02:30 +0000  copying file ./Payload/智慧会管.app/_CodeSignature/CodeResources ... 
2019-11-11 07:02:30 +0000  68531 bytes for ./Payload/智慧会管.app/_CodeSignature/CodeResources
2019-11-11 07:02:30 +0000  copying file ./Payload/智慧会管.app/scannerOverlay.nib/objects-13.0+.nib ... 
2019-11-11 07:02:30 +0000  1501 bytes for ./Payload/智慧会管.app/scannerOverlay.nib/objects-13.0+.nib
copying file ./Payload/智慧会管.app/scannerOverlay.nib/runtime.nib ... 
2019-11-11 07:02:30 +0000  1501 bytes for ./Payload/智慧会管.app/scannerOverlay.nib/runtime.nib
2019-11-11 07:02:30 +0000  copying file ./Payload/智慧会管.app/LaunchImage-1100-Portrait-2436h@3x.png ... 
2019-11-11 07:02:30 +0000  1737433 bytes for ./Payload/智慧会管.app/LaunchImage-1100-Portrait-2436h@3x.png
2019-11-11 07:02:30 +0000  copying file ./Payload/智慧会管.app/LaunchImage@2x.png ... 
2019-11-11 07:02:30 +0000  440365 bytes for ./Payload/智慧会管.app/LaunchImage@2x.png
2019-11-11 07:02:30 +0000  copying file ./Payload/智慧会管.app/AppIcon20x20@2x.png ... 
2019-11-11 07:02:30 +0000  2331 bytes for ./Payload/智慧会管.app/AppIcon20x20@2x.png
copying file ./Payload/智慧会管.app/MainViewController.nib/objects-13.0+.nib ... 
2019-11-11 07:02:30 +0000  980 bytes for ./Payload/智慧会管.app/MainViewController.nib/objects-13.0+.nib
copying file ./Payload/智慧会管.app/MainViewController.nib/runtime.nib ... 
2019-11-11 07:02:30 +0000  980 bytes for ./Payload/智慧会管.app/MainViewController.nib/runtime.nib
2019-11-11 07:02:30 +0000  copying file ./Payload/智慧会管.app/AppIcon20x20@3x.png ... 
2019-11-11 07:02:30 +0000  3542 bytes for ./Payload/智慧会管.app/AppIcon20x20@3x.png
copying file ./Payload/智慧会管.app/AppIcon29x29.png ... 
2019-11-11 07:02:30 +0000  1594 bytes for ./Payload/智慧会管.app/AppIcon29x29.png
2019-11-11 07:02:30 +0000  copying file ./Payload/智慧会管.app/LaunchImage-568h@2x.png ... 
2019-11-11 07:02:30 +0000  559376 bytes for ./Payload/智慧会管.app/LaunchImage-568h@2x.png
2019-11-11 07:02:30 +0000  copying file ./Payload/智慧会管.app/AppIcon60x60@2x.png ... 
2019-11-11 07:02:30 +0000  7040 bytes for ./Payload/智慧会管.app/AppIcon60x60@2x.png
copying file ./Payload/智慧会管.app/AppIcon72x72@2x~ipad.png ... 
2019-11-11 07:02:30 +0000  8363 bytes for ./Payload/智慧会管.app/AppIcon72x72@2x~ipad.png
2019-11-11 07:02:30 +0000  copying file ./Payload/智慧会管.app/AppIcon29x29@2x.png ... 
2019-11-11 07:02:30 +0000  3550 bytes for ./Payload/智慧会管.app/AppIcon29x29@2x.png
copying file ./Payload/智慧会管.app/LaunchImage-800-667h@2x.png ... 
2019-11-11 07:02:30 +0000  733968 bytes for ./Payload/智慧会管.app/LaunchImage-800-667h@2x.png
2019-11-11 07:02:30 +0000  copying file ./Payload/智慧会管.app/LaunchImage-Portrait@2x~ipad.png ... 
2019-11-11 07:02:31 +0000  1845557 bytes for ./Payload/智慧会管.app/LaunchImage-Portrait@2x~ipad.png
2019-11-11 07:02:31 +0000  copying file ./Payload/智慧会管.app/AppIcon40x40@3x.png ... 
2019-11-11 07:02:31 +0000  7040 bytes for ./Payload/智慧会管.app/AppIcon40x40@3x.png
2019-11-11 07:02:31 +0000  copying file ./Payload/智慧会管.app/AppIcon29x29~ipad.png ... 
1594 bytes for ./Payload/智慧会管.app/AppIcon29x29~ipad.png
2019-11-11 07:02:31 +0000  copying file ./Payload/智慧会管.app/AppIcon40x40@2x.png ... 
5112 bytes for ./Payload/智慧会管.app/AppIcon40x40@2x.png
2019-11-11 07:02:31 +0000  copying file ./Payload/智慧会管.app/LaunchImage-Portrait~ipad.png ... 
2019-11-11 07:02:31 +0000  575106 bytes for ./Payload/智慧会管.app/LaunchImage-Portrait~ipad.png
2019-11-11 07:02:31 +0000  copying file ./Payload/智慧会管.app/AppIcon29x29@3x.png ... 
5177 bytes for ./Payload/智慧会管.app/AppIcon29x29@3x.png
copying file ./Payload/智慧会管.app/AppIcon60x60@3x.png ... 
2019-11-11 07:02:31 +0000  10075 bytes for ./Payload/智慧会管.app/AppIcon60x60@3x.png
2019-11-11 07:02:31 +0000  copying file ./Payload/智慧会管.app/config.xml ... 
2019-11-11 07:02:31 +0000  5287 bytes for ./Payload/智慧会管.app/config.xml
copying file ./Payload/智慧会管.app/www/index.html ... 
2019-11-11 07:02:31 +0000  789 bytes for ./Payload/智慧会管.app/www/index.html
copying file ./Payload/智慧会管.app/www/prod-v1.3.21-t11101714 ... 
0 bytes for ./Payload/智慧会管.app/www/prod-v1.3.21-t11101714
2019-11-11 07:02:31 +0000  copying file ./Payload/智慧会管.app/www/cordova.js ... 
2019-11-11 07:02:31 +0000  69139 bytes for ./Payload/智慧会管.app/www/cordova.js
2019-11-11 07:02:31 +0000  copying file ./Payload/智慧会管.app/www/images/meeting3.d1367bc.jpg ... 
2019-11-11 07:02:31 +0000  63363 bytes for ./Payload/智慧会管.app/www/images/meeting3.d1367bc.jpg
copying file ./Payload/智慧会管.app/www/images/meeting.e933bb2.jpg ... 
2019-11-11 07:02:31 +0000  451800 bytes for ./Payload/智慧会管.app/www/images/meeting.e933bb2.jpg
2019-11-11 07:02:31 +0000  copying file ./Payload/智慧会管.app/www/images/meeting2.78173ca.jpg ... 
2019-11-11 07:02:31 +0000  285563 bytes for ./Payload/智慧会管.app/www/images/meeting2.78173ca.jpg
2019-11-11 07:02:31 +0000  copying file ./Payload/智慧会管.app/www/plugins/cordova-plugin-file/www/requestFileSystem.js ... 
2019-11-11 07:02:31 +0000  3244 bytes for ./Payload/智慧会管.app/www/plugins/cordova-plugin-file/www/requestFileSystem.js
copying file ./Payload/智慧会管.app/www/plugins/cordova-plugin-file/www/DirectoryEntry.js ... 
2019-11-11 07:02:31 +0000  4681 bytes for ./Payload/智慧会管.app/www/plugins/cordova-plugin-file/www/DirectoryEntry.js
2019-11-11 07:02:31 +0000  copying file ./Payload/智慧会管.app/www/plugins/cordova-plugin-file/www/FileSystem.js ... 
1960 bytes for ./Payload/智慧会管.app/www/plugins/cordova-plugin-file/www/FileSystem.js
copying file ./Payload/智慧会管.app/www/plugins/cordova-plugin-file/www/Flags.js ... 
2019-11-11 07:02:31 +0000  1336 bytes for ./Payload/智慧会管.app/www/plugins/cordova-plugin-file/www/Flags.js
copying file ./Payload/智慧会管.app/www/plugins/cordova-plugin-file/www/fileSystemPaths.js ... 
2019-11-11 07:02:31 +0000  2548 bytes for ./Payload/智慧会管.app/www/plugins/cordova-plugin-file/www/fileSystemPaths.js
2019-11-11 07:02:31 +0000  copying file ./Payload/智慧会管.app/www/plugins/cordova-plugin-file/www/FileEntry.js ... 
2019-11-11 07:02:31 +0000  3423 bytes for ./Payload/智慧会管.app/www/plugins/cordova-plugin-file/www/FileEntry.js
copying file ./Payload/智慧会管.app/www/plugins/cordova-plugin-file/www/fileSystems.js ... 
2019-11-11 07:02:31 +0000  1047 bytes for ./Payload/智慧会管.app/www/plugins/cordova-plugin-file/www/fileSystems.js
copying file ./Payload/智慧会管.app/www/plugins/cordova-plugin-file/www/DirectoryReader.js ... 
2019-11-11 07:02:31 +0000  2724 bytes for ./Payload/智慧会管.app/www/plugins/cordova-plugin-file/www/DirectoryReader.js
copying file ./Payload/智慧会管.app/www/plugins/cordova-plugin-file/www/Metadata.js ... 
2019-11-11 07:02:31 +0000  1488 bytes for ./Payload/智慧会管.app/www/plugins/cordova-plugin-file/www/Metadata.js
copying file ./Payload/智慧会管.app/www/plugins/cordova-plugin-file/www/ios/FileSystem.js ... 
2019-11-11 07:02:31 +0000  1222 bytes for ./Payload/智慧会管.app/www/plugins/cordova-plugin-file/www/ios/FileSystem.js
copying file ./Payload/智慧会管.app/www/plugins/cordova-plugin-file/www/browser/isChrome.js ... 
2019-11-11 07:02:31 +0000  1232 bytes for ./Payload/智慧会管.app/www/plugins/cordova-plugin-file/www/browser/isChrome.js
copying file ./Payload/智慧会管.app/www/plugins/cordova-plugin-file/www/LocalFileSystem.js ... 
2019-11-11 07:02:31 +0000  957 bytes for ./Payload/智慧会管.app/www/plugins/cordova-plugin-file/www/LocalFileSystem.js
copying file ./Payload/智慧会管.app/www/plugins/cordova-plugin-file/www/FileReader.js ... 
2019-11-11 07:02:31 +0000  10523 bytes for ./Payload/智慧会管.app/www/plugins/cordova-plugin-file/www/FileReader.js
2019-11-11 07:02:31 +0000  copying file ./Payload/智慧会管.app/www/plugins/cordova-plugin-file/www/fileSystems-roots.js ... 
1598 bytes for ./Payload/智慧会管.app/www/plugins/cordova-plugin-file/www/fileSystems-roots.js
copying file ./Payload/智慧会管.app/www/plugins/cordova-plugin-file/www/FileUploadOptions.js ... 
2019-11-11 07:02:31 +0000  1831 bytes for ./Payload/智慧会管.app/www/plugins/cordova-plugin-file/www/FileUploadOptions.js
copying file ./Payload/智慧会管.app/www/plugins/cordova-plugin-file/www/FileWriter.js ... 
2019-11-11 07:02:31 +0000  10544 bytes for ./Payload/智慧会管.app/www/plugins/cordova-plugin-file/www/FileWriter.js
2019-11-11 07:02:31 +0000  copying file ./Payload/智慧会管.app/www/plugins/cordova-plugin-file/www/FileError.js ... 
2019-11-11 07:02:31 +0000  1483 bytes for ./Payload/智慧会管.app/www/plugins/cordova-plugin-file/www/FileError.js
copying file ./Payload/智慧会管.app/www/plugins/cordova-plugin-file/www/FileUploadResult.js ... 
2019-11-11 07:02:31 +0000  1111 bytes for ./Payload/智慧会管.app/www/plugins/cordova-plugin-file/www/FileUploadResult.js
copying file ./Payload/智慧会管.app/www/plugins/cordova-plugin-file/www/ProgressEvent.js ... 
2019-11-11 07:02:31 +0000  2544 bytes for ./Payload/智慧会管.app/www/plugins/cordova-plugin-file/www/ProgressEvent.js
2019-11-11 07:02:31 +0000  copying file ./Payload/智慧会管.app/www/plugins/cordova-plugin-file/www/File.js ... 
2019-11-11 07:02:31 +0000  2714 bytes for ./Payload/智慧会管.app/www/plugins/cordova-plugin-file/www/File.js
copying file ./Payload/智慧会管.app/www/plugins/cordova-plugin-file/www/resolveLocalFileSystemURI.js ... 
2019-11-11 07:02:31 +0000  4325 bytes for ./Payload/智慧会管.app/www/plugins/cordova-plugin-file/www/resolveLocalFileSystemURI.js
2019-11-11 07:02:31 +0000  copying file ./Payload/智慧会管.app/www/plugins/cordova-plugin-file/www/Entry.js ... 
2019-11-11 07:02:31 +0000  9869 bytes for ./Payload/智慧会管.app/www/plugins/cordova-plugin-file/www/Entry.js
2019-11-11 07:02:31 +0000  copying file ./Payload/智慧会管.app/www/plugins/cordova-plugin-file-opener2/www/plugins.FileOpener2.js ... 
2019-11-11 07:02:31 +0000  2492 bytes for ./Payload/智慧会管.app/www/plugins/cordova-plugin-file-opener2/www/plugins.FileOpener2.js
2019-11-11 07:02:31 +0000  copying file ./Payload/智慧会管.app/www/plugins/cordova-plugin-inappbrowser/www/inappbrowser.js ... 
2019-11-11 07:02:31 +0000  4485 bytes for ./Payload/智慧会管.app/www/plugins/cordova-plugin-inappbrowser/www/inappbrowser.js
2019-11-11 07:02:31 +0000  copying file ./Payload/智慧会管.app/www/plugins/cordova-plugin-device/www/device.js ... 
2019-11-11 07:02:31 +0000  3070 bytes for ./Payload/智慧会管.app/www/plugins/cordova-plugin-device/www/device.js
2019-11-11 07:02:31 +0000  copying file ./Payload/智慧会管.app/www/plugins/cordova-plugin-file-transfer/www/FileTransferError.js ... 
2019-11-11 07:02:31 +0000  1488 bytes for ./Payload/智慧会管.app/www/plugins/cordova-plugin-file-transfer/www/FileTransferError.js
2019-11-11 07:02:31 +0000  copying file ./Payload/智慧会管.app/www/plugins/cordova-plugin-file-transfer/www/FileTransfer.js ... 
2019-11-11 07:02:31 +0000  8568 bytes for ./Payload/智慧会管.app/www/plugins/cordova-plugin-file-transfer/www/FileTransfer.js
2019-11-11 07:02:31 +0000  copying file ./Payload/智慧会管.app/www/plugins/phonegap-plugin-barcodescanner/www/barcodescanner.js ... 
2019-11-11 07:02:31 +0000  5020 bytes for ./Payload/智慧会管.app/www/plugins/phonegap-plugin-barcodescanner/www/barcodescanner.js
2019-11-11 07:02:31 +0000  copying file ./Payload/智慧会管.app/www/plugins/cordova-plugin-splashscreen/www/splashscreen.js ... 
2019-11-11 07:02:31 +0000  1173 bytes for ./Payload/智慧会管.app/www/plugins/cordova-plugin-splashscreen/www/splashscreen.js
copying file ./Payload/智慧会管.app/www/app.css ... 
2019-11-11 07:02:31 +0000  938897 bytes for ./Payload/智慧会管.app/www/app.css
2019-11-11 07:02:31 +0000  copying file ./Payload/智慧会管.app/www/static/icon.png ... 
2019-11-11 07:02:31 +0000  23251 bytes for ./Payload/智慧会管.app/www/static/icon.png
2019-11-11 07:02:31 +0000  copying file ./Payload/智慧会管.app/www/static/qrcode.png ... 
1725 bytes for ./Payload/智慧会管.app/www/static/qrcode.png
2019-11-11 07:02:31 +0000  copying file ./Payload/智慧会管.app/www/static/logo-app/ios/iTunesArtwork@1x.png ... 
2019-11-11 07:02:31 +0000  28051 bytes for ./Payload/智慧会管.app/www/static/logo-app/ios/iTunesArtwork@1x.png
2019-11-11 07:02:31 +0000  copying file ./Payload/智慧会管.app/www/static/logo-app/ios/AppIcon.appiconset/Icon-App-76x76@2x.png ... 
2019-11-11 07:02:31 +0000  7397 bytes for ./Payload/智慧会管.app/www/static/logo-app/ios/AppIcon.appiconset/Icon-App-76x76@2x.png
2019-11-11 07:02:31 +0000  copying file ./Payload/智慧会管.app/www/static/logo-app/ios/AppIcon.appiconset/Icon-App-29x29@1x.png ... 
2019-11-11 07:02:31 +0000  1373 bytes for ./Payload/智慧会管.app/www/static/logo-app/ios/AppIcon.appiconset/Icon-App-29x29@1x.png
copying file ./Payload/智慧会管.app/www/static/logo-app/ios/AppIcon.appiconset/Icon-App-40x40@1x.png ... 
2019-11-11 07:02:31 +0000  1942 bytes for ./Payload/智慧会管.app/www/static/logo-app/ios/AppIcon.appiconset/Icon-App-40x40@1x.png
2019-11-11 07:02:31 +0000  copying file ./Payload/智慧会管.app/www/static/logo-app/ios/AppIcon.appiconset/Icon-App-72x72@1x.png ... 
2019-11-11 07:02:31 +0000  3520 bytes for ./Payload/智慧会管.app/www/static/logo-app/ios/AppIcon.appiconset/Icon-App-72x72@1x.png
copying file ./Payload/智慧会管.app/www/static/logo-app/ios/AppIcon.appiconset/Icon-App-20x20@1x.png ... 
2019-11-11 07:02:31 +0000  917 bytes for ./Payload/智慧会管.app/www/static/logo-app/ios/AppIcon.appiconset/Icon-App-20x20@1x.png
copying file ./Payload/智慧会管.app/www/static/logo-app/ios/AppIcon.appiconset/Icon-App-1024x1024@1x.png ... 
2019-11-11 07:02:31 +0000  97405 bytes for ./Payload/智慧会管.app/www/static/logo-app/ios/AppIcon.appiconset/Icon-App-1024x1024@1x.png
2019-11-11 07:02:31 +0000  copying file ./Payload/智慧会管.app/www/static/logo-app/ios/AppIcon.appiconset/Icon-App-83.5x83.5@2x.png ... 
2019-11-11 07:02:31 +0000  8077 bytes for ./Payload/智慧会管.app/www/static/logo-app/ios/AppIcon.appiconset/Icon-App-83.5x83.5@2x.png
copying file ./Payload/智慧会管.app/www/static/logo-app/ios/AppIcon.appiconset/Icon-App-20x20@3x.png ... 
2997 bytes for ./Payload/智慧会管.app/www/static/logo-app/ios/AppIcon.appiconset/Icon-App-20x20@3x.png
copying file ./Payload/智慧会管.app/www/static/logo-app/ios/AppIcon.appiconset/ItunesArtwork@2x.png ... 
2019-11-11 07:02:31 +0000  78439 bytes for ./Payload/智慧会管.app/www/static/logo-app/ios/AppIcon.appiconset/ItunesArtwork@2x.png
2019-11-11 07:02:31 +0000  copying file ./Payload/智慧会管.app/www/static/logo-app/ios/AppIcon.appiconset/Contents.json ... 
2019-11-11 07:02:31 +0000  3136 bytes for ./Payload/智慧会管.app/www/static/logo-app/ios/AppIcon.appiconset/Contents.json
copying file ./Payload/智慧会管.app/www/static/logo-app/ios/AppIcon.appiconset/Icon-App-20x20@2x.png ... 
2019-11-11 07:02:31 +0000  1942 bytes for ./Payload/智慧会管.app/www/static/logo-app/ios/AppIcon.appiconset/Icon-App-20x20@2x.png
copying file ./Payload/智慧会管.app/www/static/logo-app/ios/AppIcon.appiconset/Icon-App-29x29@3x.png ... 
2019-11-11 07:02:31 +0000  4233 bytes for ./Payload/智慧会管.app/www/static/logo-app/ios/AppIcon.appiconset/Icon-App-29x29@3x.png
copying file ./Payload/智慧会管.app/www/static/logo-app/ios/AppIcon.appiconset/Icon-App-40x40@2x.png ... 
2019-11-11 07:02:31 +0000  3976 bytes for ./Payload/智慧会管.app/www/static/logo-app/ios/AppIcon.appiconset/Icon-App-40x40@2x.png
copying file ./Payload/智慧会管.app/www/static/logo-app/ios/AppIcon.appiconset/Icon-App-72x72@2x.png ... 
2019-11-11 07:02:31 +0000  6976 bytes for ./Payload/智慧会管.app/www/static/logo-app/ios/AppIcon.appiconset/Icon-App-72x72@2x.png
2019-11-11 07:02:31 +0000  copying file ./Payload/智慧会管.app/www/static/logo-app/ios/AppIcon.appiconset/Icon-App-60x60@3x.png ... 
2019-11-11 07:02:31 +0000  8834 bytes for ./Payload/智慧会管.app/www/static/logo-app/ios/AppIcon.appiconset/Icon-App-60x60@3x.png
copying file ./Payload/智慧会管.app/www/static/logo-app/ios/AppIcon.appiconset/Icon-App-60x60@2x.png ... 
2019-11-11 07:02:31 +0000  5710 bytes for ./Payload/智慧会管.app/www/static/logo-app/ios/AppIcon.appiconset/Icon-App-60x60@2x.png
2019-11-11 07:02:31 +0000  copying file ./Payload/智慧会管.app/www/static/logo-app/ios/AppIcon.appiconset/Icon-App-76x76@1x.png ... 
2019-11-11 07:02:31 +0000  3682 bytes for ./Payload/智慧会管.app/www/static/logo-app/ios/AppIcon.appiconset/Icon-App-76x76@1x.png
copying file ./Payload/智慧会管.app/www/static/logo-app/ios/AppIcon.appiconset/Icon-App-40x40@3x.png ... 
2019-11-11 07:02:31 +0000  5710 bytes for ./Payload/智慧会管.app/www/static/logo-app/ios/AppIcon.appiconset/Icon-App-40x40@3x.png
copying file ./Payload/智慧会管.app/www/static/logo-app/ios/AppIcon.appiconset/Icon-App-29x29@2x.png ... 
2019-11-11 07:02:31 +0000  2963 bytes for ./Payload/智慧会管.app/www/static/logo-app/ios/AppIcon.appiconset/Icon-App-29x29@2x.png
2019-11-11 07:02:31 +0000  copying file ./Payload/智慧会管.app/www/static/logo-app/ios/README.md ... 
2019-11-11 07:02:31 +0000  1003 bytes for ./Payload/智慧会管.app/www/static/logo-app/ios/README.md
copying file ./Payload/智慧会管.app/www/static/logo-app/ios/iTunesArtwork@2x.png ... 
2019-11-11 07:02:31 +0000  78439 bytes for ./Payload/智慧会管.app/www/static/logo-app/ios/iTunesArtwork@2x.png
2019-11-11 07:02:31 +0000  copying file ./Payload/智慧会管.app/www/static/logo-app/ios/iTunesArtwork@3x.png ... 
2019-11-11 07:02:31 +0000  141800 bytes for ./Payload/智慧会管.app/www/static/logo-app/ios/iTunesArtwork@3x.png
2019-11-11 07:02:31 +0000  copying file ./Payload/智慧会管.app/www/static/logo-app/android/mipmap-mdpi/ic_launcher.png ... 
2019-11-11 07:02:31 +0000  2311 bytes for ./Payload/智慧会管.app/www/static/logo-app/android/mipmap-mdpi/ic_launcher.png
copying file ./Payload/智慧会管.app/www/static/logo-app/android/playstore-icon.png ... 
2019-11-11 07:02:31 +0000  32968 bytes for ./Payload/智慧会管.app/www/static/logo-app/android/playstore-icon.png
2019-11-11 07:02:31 +0000  copying file ./Payload/智慧会管.app/www/static/logo-app/android/mipmap-hdpi/ic_launcher.png ... 
2019-11-11 07:02:31 +0000  3520 bytes for ./Payload/智慧会管.app/www/static/logo-app/android/mipmap-hdpi/ic_launcher.png
copying file ./Payload/智慧会管.app/www/static/logo-app/android/mipmap-ldpi/ic_launcher.png ... 
2019-11-11 07:02:31 +0000  1731 bytes for ./Payload/智慧会管.app/www/static/logo-app/android/mipmap-ldpi/ic_launcher.png
2019-11-11 07:02:31 +0000  copying file ./Payload/智慧会管.app/www/static/logo-app/android/mipmap-xxxhdpi/ic_launcher.png ... 
2019-11-11 07:02:31 +0000  9298 bytes for ./Payload/智慧会管.app/www/static/logo-app/android/mipmap-xxxhdpi/ic_launcher.png
2019-11-11 07:02:31 +0000  copying file ./Payload/智慧会管.app/www/static/logo-app/android/mipmap-xxhdpi/ic_launcher.png ... 
2019-11-11 07:02:31 +0000  6976 bytes for ./Payload/智慧会管.app/www/static/logo-app/android/mipmap-xxhdpi/ic_launcher.png
2019-11-11 07:02:31 +0000  copying file ./Payload/智慧会管.app/www/static/logo-app/android/mipmap-xhdpi/ic_launcher.png ... 
2019-11-11 07:02:31 +0000  4691 bytes for ./Payload/智慧会管.app/www/static/logo-app/android/mipmap-xhdpi/ic_launcher.png
copying file ./Payload/智慧会管.app/www/static/logo-app/imessenger/icon-messages-app-iPhone-60x45@1x.png ... 
2019-11-11 07:02:31 +0000  2318 bytes for ./Payload/智慧会管.app/www/static/logo-app/imessenger/icon-messages-app-iPhone-60x45@1x.png
2019-11-11 07:02:31 +0000  copying file ./Payload/智慧会管.app/www/static/logo-app/imessenger/icon-messages-app-iPadAir-67x50@2x.png ... 
2019-11-11 07:02:31 +0000  4763 bytes for ./Payload/智慧会管.app/www/static/logo-app/imessenger/icon-messages-app-iPadAir-67x50@2x.png
copying file ./Payload/智慧会管.app/www/static/logo-app/imessenger/icon-messages-app-store-1024x768.png ... 
2019-11-11 07:02:31 +0000  65846 bytes for ./Payload/智慧会管.app/www/static/logo-app/imessenger/icon-messages-app-store-1024x768.png
2019-11-11 07:02:31 +0000  copying file ./Payload/智慧会管.app/www/static/logo-app/imessenger/icon-messages-transcript-32x24@3x.png ... 
3482 bytes for ./Payload/智慧会管.app/www/static/logo-app/imessenger/icon-messages-transcript-32x24@3x.png
2019-11-11 07:02:31 +0000  copying file ./Payload/智慧会管.app/www/static/logo-app/imessenger/icon-messages-app-27x20@1x.png ... 
2019-11-11 07:02:31 +0000  1032 bytes for ./Payload/智慧会管.app/www/static/logo-app/imessenger/icon-messages-app-27x20@1x.png
copying file ./Payload/智慧会管.app/www/static/logo-app/imessenger/icon-messages-transcript-32x24@2x.png ... 
2019-11-11 07:02:31 +0000  2359 bytes for ./Payload/智慧会管.app/www/static/logo-app/imessenger/icon-messages-transcript-32x24@2x.png
copying file ./Payload/智慧会管.app/www/static/logo-app/imessenger/icon-messages-app-27x20@2x.png ... 
2019-11-11 07:02:31 +0000  2111 bytes for ./Payload/智慧会管.app/www/static/logo-app/imessenger/icon-messages-app-27x20@2x.png
copying file ./Payload/智慧会管.app/www/static/logo-app/imessenger/icon-messages-transcript-32x24@1x.png ... 
2019-11-11 07:02:31 +0000  1245 bytes for ./Payload/智慧会管.app/www/static/logo-app/imessenger/icon-messages-transcript-32x24@1x.png
copying file ./Payload/智慧会管.app/www/static/logo-app/imessenger/icon-messages-app-27x20@3x.png ... 
2019-11-11 07:02:31 +0000  2936 bytes for ./Payload/智慧会管.app/www/static/logo-app/imessenger/icon-messages-app-27x20@3x.png
copying file ./Payload/智慧会管.app/www/static/logo-app/imessenger/icon-messages-app-iPadAir-74x55@2x.png ... 
2019-11-11 07:02:31 +0000  5206 bytes for ./Payload/智慧会管.app/www/static/logo-app/imessenger/icon-messages-app-iPadAir-74x55@2x.png
2019-11-11 07:02:31 +0000  copying file ./Payload/智慧会管.app/www/static/logo-app/imessenger/icon-messages-app-iPhone-60x45@3x.png ... 
2019-11-11 07:02:31 +0000  6344 bytes for ./Payload/智慧会管.app/www/static/logo-app/imessenger/icon-messages-app-iPhone-60x45@3x.png
copying file ./Payload/智慧会管.app/www/static/logo-app/imessenger/icon-messages-app-iPhone-60x45@2x.png ... 
2019-11-11 07:02:31 +0000  4217 bytes for ./Payload/智慧会管.app/www/static/logo-app/imessenger/icon-messages-app-iPhone-60x45@2x.png
2019-11-11 07:02:31 +0000  copying file ./Payload/智慧会管.app/www/static/logo-app/watchkit/AppIcon.appiconset/Icon-40@2x.png ... 
2019-11-11 07:02:31 +0000  3976 bytes for ./Payload/智慧会管.app/www/static/logo-app/watchkit/AppIcon.appiconset/Icon-40@2x.png
copying file ./Payload/智慧会管.app/www/static/logo-app/watchkit/AppIcon.appiconset/Icon-29@2x.png ... 
2019-11-11 07:02:31 +0000  2963 bytes for ./Payload/智慧会管.app/www/static/logo-app/watchkit/AppIcon.appiconset/Icon-29@2x.png
2019-11-11 07:02:31 +0000  copying file ./Payload/智慧会管.app/www/static/logo-app/watchkit/AppIcon.appiconset/Icon-44@2x.png ... 
2019-11-11 07:02:31 +0000  4287 bytes for ./Payload/智慧会管.app/www/static/logo-app/watchkit/AppIcon.appiconset/Icon-44@2x.png
copying file ./Payload/智慧会管.app/www/static/logo-app/watchkit/AppIcon.appiconset/Icon-29@3x.png ... 
2019-11-11 07:02:31 +0000  4233 bytes for ./Payload/智慧会管.app/www/static/logo-app/watchkit/AppIcon.appiconset/Icon-29@3x.png
copying file ./Payload/智慧会管.app/www/static/logo-app/watchkit/AppIcon.appiconset/Icon-27.5@2x.png ... 
2019-11-11 07:02:31 +0000  2658 bytes for ./Payload/智慧会管.app/www/static/logo-app/watchkit/AppIcon.appiconset/Icon-27.5@2x.png
copying file ./Payload/智慧会管.app/www/static/logo-app/watchkit/AppIcon.appiconset/Icon-86@2x.png ... 
2019-11-11 07:02:31 +0000  8418 bytes for ./Payload/智慧会管.app/www/static/logo-app/watchkit/AppIcon.appiconset/Icon-86@2x.png
copying file ./Payload/智慧会管.app/www/static/logo-app/watchkit/AppIcon.appiconset/Contents.json ... 
2019-11-11 07:02:31 +0000  1725 bytes for ./Payload/智慧会管.app/www/static/logo-app/watchkit/AppIcon.appiconset/Contents.json
copying file ./Payload/智慧会管.app/www/static/logo-app/watchkit/AppIcon.appiconset/Icon-98@2x.png ... 
2019-11-11 07:02:31 +0000  9802 bytes for ./Payload/智慧会管.app/www/static/logo-app/watchkit/AppIcon.appiconset/Icon-98@2x.png
2019-11-11 07:02:31 +0000  copying file ./Payload/智慧会管.app/www/static/logo-app/watchkit/AppIcon.appiconset/Icon-24@2x.png ... 
2019-11-11 07:02:31 +0000  2311 bytes for ./Payload/智慧会管.app/www/static/logo-app/watchkit/AppIcon.appiconset/Icon-24@2x.png
2019-11-11 07:02:31 +0000  copying file ./Payload/智慧会管.app/www/static/network/images/flow.png ... 
875 bytes for ./Payload/智慧会管.app/www/static/network/images/flow.png
2019-11-11 07:02:31 +0000  copying file ./Payload/智慧会管.app/www/static/img/img-update-new.png ... 
2019-11-11 07:02:31 +0000  111238 bytes for ./Payload/智慧会管.app/www/static/img/img-update-new.png
2019-11-11 07:02:31 +0000  copying file ./Payload/智慧会管.app/www/static/img/round.png ... 
299 bytes for ./Payload/智慧会管.app/www/static/img/round.png
copying file ./Payload/智慧会管.app/www/static/img/bg-evecom.jpg ... 
2019-11-11 07:02:31 +0000  139712 bytes for ./Payload/智慧会管.app/www/static/img/bg-evecom.jpg
2019-11-11 07:02:31 +0000  copying file ./Payload/智慧会管.app/www/static/img/bg-login.png ... 
2019-11-11 07:02:31 +0000  1316746 bytes for ./Payload/智慧会管.app/www/static/img/bg-login.png
2019-11-11 07:02:31 +0000  copying file ./Payload/智慧会管.app/www/static/img/img-meeting-room-1.jpg ... 
2019-11-11 07:02:31 +0000  451800 bytes for ./Payload/智慧会管.app/www/static/img/img-meeting-room-1.jpg
2019-11-11 07:02:31 +0000  copying file ./Payload/智慧会管.app/www/static/img/img-meeting-room-2.jpg ... 
2019-11-11 07:02:31 +0000  285563 bytes for ./Payload/智慧会管.app/www/static/img/img-meeting-room-2.jpg
2019-11-11 07:02:31 +0000  copying file ./Payload/智慧会管.app/www/static/img/img-meeting-room-3.jpg ... 
2019-11-11 07:02:31 +0000  63363 bytes for ./Payload/智慧会管.app/www/static/img/img-meeting-room-3.jpg
2019-11-11 07:02:31 +0000  copying file ./Payload/智慧会管.app/www/static/logo/app-logo.png ... 
2019-11-11 07:02:31 +0000  188766 bytes for ./Payload/智慧会管.app/www/static/logo/app-logo.png
2019-11-11 07:02:31 +0000  copying file ./Payload/智慧会管.app/www/static/logo/logo-app-1024.png ... 
2019-11-11 07:02:31 +0000  97405 bytes for ./Payload/智慧会管.app/www/static/logo/logo-app-1024.png
2019-11-11 07:02:31 +0000  copying file ./Payload/智慧会管.app/www/static/logo/logo-default.png ... 
2019-11-11 07:02:31 +0000  188766 bytes for ./Payload/智慧会管.app/www/static/logo/logo-default.png
2019-11-11 07:02:31 +0000  copying file ./Payload/智慧会管.app/www/static/logo/logo-app.png ... 
2019-11-11 07:02:31 +0000  188766 bytes for ./Payload/智慧会管.app/www/static/logo/logo-app.png
copying file ./Payload/智慧会管.app/www/static/logo/logo-original.png ... 
2019-11-11 07:02:31 +0000  23251 bytes for ./Payload/智慧会管.app/www/static/logo/logo-original.png
2019-11-11 07:02:31 +0000  copying file ./Payload/智慧会管.app/www/static/logo/logo-huafu.png ... 
2019-11-11 07:02:31 +0000  7513 bytes for ./Payload/智慧会管.app/www/static/logo/logo-huafu.png
copying file ./Payload/智慧会管.app/www/static/logo/logo-changwei.png ... 
2019-11-11 07:02:31 +0000  48902 bytes for ./Payload/智慧会管.app/www/static/logo/logo-changwei.png
2019-11-11 07:02:31 +0000  copying file ./Payload/智慧会管.app/www/static/icon/icon-tab-mine.png ... 
2019-11-11 07:02:31 +0000  2606 bytes for ./Payload/智慧会管.app/www/static/icon/icon-tab-mine.png
copying file ./Payload/智慧会管.app/www/static/icon/icon-before-share.png ... 
2019-11-11 07:02:31 +0000  2431 bytes for ./Payload/智慧会管.app/www/static/icon/icon-before-share.png
copying file ./Payload/智慧会管.app/www/static/icon/icon-tab-meeting.png ... 
2019-11-11 07:02:31 +0000  3127 bytes for ./Payload/智慧会管.app/www/static/icon/icon-tab-meeting.png
copying file ./Payload/智慧会管.app/www/static/icon/icon-tab-book-active.png ... 
2019-11-11 07:02:31 +0000  2450 bytes for ./Payload/智慧会管.app/www/static/icon/icon-tab-book-active.png
2019-11-11 07:02:31 +0000  copying file ./Payload/智慧会管.app/www/static/icon/icon-entry-report.png ... 
2019-11-11 07:02:31 +0000  9562 bytes for ./Payload/智慧会管.app/www/static/icon/icon-entry-report.png
copying file ./Payload/智慧会管.app/www/static/icon/icon-room-alert-non.png ... 
2019-11-11 07:02:31 +0000  16389 bytes for ./Payload/智慧会管.app/www/static/icon/icon-room-alert-non.png
2019-11-11 07:02:31 +0000  copying file ./Payload/智慧会管.app/www/static/icon/icon-tab-home.png ... 
2281 bytes for ./Payload/智慧会管.app/www/static/icon/icon-tab-home.png
2019-11-11 07:02:31 +0000  copying file ./Payload/智慧会管.app/www/static/icon/icon-close.png ... 
2019-11-11 07:02:31 +0000  1567 bytes for ./Payload/智慧会管.app/www/static/icon/icon-close.png
copying file ./Payload/智慧会管.app/www/static/icon/icon-before-notice.png ... 
1888 bytes for ./Payload/智慧会管.app/www/static/icon/icon-before-notice.png
2019-11-11 07:02:31 +0000  copying file ./Payload/智慧会管.app/www/static/icon/icon-room-alert-normal.png ... 
2019-11-11 07:02:31 +0000  15760 bytes for ./Payload/智慧会管.app/www/static/icon/icon-room-alert-normal.png
2019-11-11 07:02:31 +0000  copying file ./Payload/智慧会管.app/www/static/icon/icon-tab-book.png ... 
2019-11-11 07:02:31 +0000  2504 bytes for ./Payload/智慧会管.app/www/static/icon/icon-tab-book.png
copying file ./Payload/智慧会管.app/www/static/icon/icon-tab-home-active.png ... 
2019-11-11 07:02:31 +0000  1779 bytes for ./Payload/智慧会管.app/www/static/icon/icon-tab-home-active.png
2019-11-11 07:02:31 +0000  copying file ./Payload/智慧会管.app/www/static/icon/icon-entry-request.png ... 
2019-11-11 07:02:31 +0000  4618 bytes for ./Payload/智慧会管.app/www/static/icon/icon-entry-request.png
copying file ./Payload/智慧会管.app/www/static/icon/icon-entry-monitor.png ... 
2019-11-11 07:02:31 +0000  10331 bytes for ./Payload/智慧会管.app/www/static/icon/icon-entry-monitor.png
2019-11-11 07:02:31 +0000  copying file ./Payload/智慧会管.app/www/static/icon/icon-before-about.png ... 
2683 bytes for ./Payload/智慧会管.app/www/static/icon/icon-before-about.png
copying file ./Payload/智慧会管.app/www/static/icon/icon-room-free.png ... 
2313 bytes for ./Payload/智慧会管.app/www/static/icon/icon-room-free.png
copying file ./Payload/智慧会管.app/www/static/icon/icon-before-update.png ... 
2635 bytes for ./Payload/智慧会管.app/www/static/icon/icon-before-update.png
copying file ./Payload/智慧会管.app/www/static/icon/icon-before-edit.png ... 
2019-11-11 07:02:31 +0000  2299 bytes for ./Payload/智慧会管.app/www/static/icon/icon-before-edit.png
2019-11-11 07:02:31 +0000  copying file ./Payload/智慧会管.app/www/static/icon/icon-entry-room.png ... 
2019-11-11 07:02:31 +0000  10321 bytes for ./Payload/智慧会管.app/www/static/icon/icon-entry-room.png
2019-11-11 07:02:31 +0000  copying file ./Payload/智慧会管.app/www/static/icon/icon-room-using.png ... 
2019-11-11 07:02:31 +0000  2525 bytes for ./Payload/智慧会管.app/www/static/icon/icon-room-using.png
copying file ./Payload/智慧会管.app/www/static/icon/icon-before-logout.png ... 
2019-11-11 07:02:31 +0000  2350 bytes for ./Payload/智慧会管.app/www/static/icon/icon-before-logout.png
2019-11-11 07:02:31 +0000  copying file ./Payload/智慧会管.app/www/static/icon/icon-before-password.png ... 
2019-11-11 07:02:31 +0000  2061 bytes for ./Payload/智慧会管.app/www/static/icon/icon-before-password.png
2019-11-11 07:02:31 +0000  copying file ./Payload/智慧会管.app/www/static/icon/icon-tab-meeting-active.png ... 
2521 bytes for ./Payload/智慧会管.app/www/static/icon/icon-tab-meeting-active.png
2019-11-11 07:02:31 +0000  copying file ./Payload/智慧会管.app/www/static/icon/icon-room-alert-wrong.png ... 
2019-11-11 07:02:31 +0000  15593 bytes for ./Payload/智慧会管.app/www/static/icon/icon-room-alert-wrong.png
2019-11-11 07:02:31 +0000  copying file ./Payload/智慧会管.app/www/static/icon/icon-tab-mine-active.png ... 
2019-11-11 07:02:31 +0000  1961 bytes for ./Payload/智慧会管.app/www/static/icon/icon-tab-mine-active.png
copying file ./Payload/智慧会管.app/www/static/icon/icon-before-label.png ... 
2019-11-11 07:02:31 +0000  2958 bytes for ./Payload/智慧会管.app/www/static/icon/icon-before-label.png
copying file ./Payload/智慧会管.app/www/static/icon/icon-entry-examine.png ... 
2019-11-11 07:02:31 +0000  10020 bytes for ./Payload/智慧会管.app/www/static/icon/icon-entry-examine.png
2019-11-11 07:02:31 +0000  copying file ./Payload/智慧会管.app/www/cordova-js-src/exec.js ... 
2019-11-11 07:02:31 +0000  8877 bytes for ./Payload/智慧会管.app/www/cordova-js-src/exec.js
2019-11-11 07:02:31 +0000  copying file ./Payload/智慧会管.app/www/cordova-js-src/plugin/ios/logger.js ... 
2019-11-11 07:02:31 +0000  10233 bytes for ./Payload/智慧会管.app/www/cordova-js-src/plugin/ios/logger.js
2019-11-11 07:02:31 +0000  copying file ./Payload/智慧会管.app/www/cordova-js-src/plugin/ios/console.js ... 
2019-11-11 07:02:31 +0000  6822 bytes for ./Payload/智慧会管.app/www/cordova-js-src/plugin/ios/console.js
copying file ./Payload/智慧会管.app/www/cordova-js-src/platform.js ... 
2019-11-11 07:02:31 +0000  1168 bytes for ./Payload/智慧会管.app/www/cordova-js-src/platform.js
2019-11-11 07:02:31 +0000  copying file ./Payload/智慧会管.app/www/app.css.map ... 
2019-11-11 07:02:31 +0000  1309775 bytes for ./Payload/智慧会管.app/www/app.css.map
2019-11-11 07:02:31 +0000  copying file ./Payload/智慧会管.app/www/cordova_plugins.js ... 
2019-11-11 07:02:31 +0000  7157 bytes for ./Payload/智慧会管.app/www/cordova_plugins.js
copying file ./Payload/智慧会管.app/www/fonts/Framework7Icons-Regular.5fce7c1.woff ... 
2019-11-11 07:02:31 +0000  40036 bytes for ./Payload/智慧会管.app/www/fonts/Framework7Icons-Regular.5fce7c1.woff
2019-11-11 07:02:31 +0000  copying file ./Payload/智慧会管.app/www/fonts/Framework7Icons-Regular.19158ff.woff2 ... 
2019-11-11 07:02:31 +0000  31456 bytes for ./Payload/智慧会管.app/www/fonts/Framework7Icons-Regular.19158ff.woff2
2019-11-11 07:02:31 +0000  copying file ./Payload/智慧会管.app/www/fonts/MaterialIcons-Regular.012cf6a.woff ... 
2019-11-11 07:02:31 +0000  57620 bytes for ./Payload/智慧会管.app/www/fonts/MaterialIcons-Regular.012cf6a.woff
2019-11-11 07:02:31 +0000  copying file ./Payload/智慧会管.app/www/fonts/MaterialIcons-Regular.a37b0c0.ttf ... 
2019-11-11 07:02:31 +0000  128180 bytes for ./Payload/智慧会管.app/www/fonts/MaterialIcons-Regular.a37b0c0.ttf
2019-11-11 07:02:31 +0000  copying file ./Payload/智慧会管.app/www/fonts/Framework7Icons-Regular.1113710.ttf ... 
2019-11-11 07:02:31 +0000  82560 bytes for ./Payload/智慧会管.app/www/fonts/Framework7Icons-Regular.1113710.ttf
copying file ./Payload/智慧会管.app/www/fonts/MaterialIcons-Regular.570eb83.woff2 ... 
2019-11-11 07:02:31 +0000  44300 bytes for ./Payload/智慧会管.app/www/fonts/MaterialIcons-Regular.570eb83.woff2
2019-11-11 07:02:31 +0000  copying file ./Payload/智慧会管.app/www/fonts/Framework7Icons-Regular.28db829.eot ... 
2019-11-11 07:02:31 +0000  82770 bytes for ./Payload/智慧会管.app/www/fonts/Framework7Icons-Regular.28db829.eot
2019-11-11 07:02:31 +0000  copying file ./Payload/智慧会管.app/www/fonts/MaterialIcons-Regular.e79bfd8.eot ... 
2019-11-11 07:02:31 +0000  143258 bytes for ./Payload/智慧会管.app/www/fonts/MaterialIcons-Regular.e79bfd8.eot
2019-11-11 07:02:31 +0000  copying file ./Payload/智慧会管.app/www/app.js ... 
2019-11-11 07:02:31 +0000  3503659 bytes for ./Payload/智慧会管.app/www/app.js
2019-11-11 07:02:31 +0000  copying file ./Payload/智慧会管.app/LaunchImage-700-Portrait~ipad.png ... 
2019-11-11 07:02:31 +0000  575106 bytes for ./Payload/智慧会管.app/LaunchImage-700-Portrait~ipad.png
2019-11-11 07:02:31 +0000  copying file ./Payload/智慧会管.app/Assets.car ... 
2019-11-11 07:02:31 +0000  235272 bytes for ./Payload/智慧会管.app/Assets.car
2019-11-11 07:02:31 +0000  copying file ./Payload/智慧会管.app/AppIcon40x40@2x~ipad.png ... 
5112 bytes for ./Payload/智慧会管.app/AppIcon40x40@2x~ipad.png
copying file ./Payload/智慧会管.app/AppIcon76x76@2x~ipad.png ... 
2019-11-11 07:02:31 +0000  8945 bytes for ./Payload/智慧会管.app/AppIcon76x76@2x~ipad.png
2019-11-11 07:02:31 +0000  copying file ./Payload/智慧会管.app/LaunchImage-800-Portrait-736h@3x.png ... 
2019-11-11 07:02:31 +0000  1746045 bytes for ./Payload/智慧会管.app/LaunchImage-800-Portrait-736h@3x.png
2019-11-11 07:02:31 +0000  copying file ./Payload/智慧会管.app/AppIcon72x72~ipad.png ... 
2019-11-11 07:02:31 +0000  4521 bytes for ./Payload/智慧会管.app/AppIcon72x72~ipad.png
2019-11-11 07:02:31 +0000  copying file ./Payload/智慧会管.app/CDVLaunchScreen.storyboardc/01J-lp-oVM-view-Ze5-6b-2t3.nib/objects-13.0+.nib ... 
2019-11-11 07:02:31 +0000  2327 bytes for ./Payload/智慧会管.app/CDVLaunchScreen.storyboardc/01J-lp-oVM-view-Ze5-6b-2t3.nib/objects-13.0+.nib
2019-11-11 07:02:31 +0000  copying file ./Payload/智慧会管.app/CDVLaunchScreen.storyboardc/01J-lp-oVM-view-Ze5-6b-2t3.nib/runtime.nib ... 
2019-11-11 07:02:31 +0000  2326 bytes for ./Payload/智慧会管.app/CDVLaunchScreen.storyboardc/01J-lp-oVM-view-Ze5-6b-2t3.nib/runtime.nib
2019-11-11 07:02:31 +0000  copying file ./Payload/智慧会管.app/CDVLaunchScreen.storyboardc/UIViewController-01J-lp-oVM.nib/objects-13.0+.nib ... 
2019-11-11 07:02:31 +0000  896 bytes for ./Payload/智慧会管.app/CDVLaunchScreen.storyboardc/UIViewController-01J-lp-oVM.nib/objects-13.0+.nib
copying file ./Payload/智慧会管.app/CDVLaunchScreen.storyboardc/UIViewController-01J-lp-oVM.nib/runtime.nib ... 
2019-11-11 07:02:31 +0000  896 bytes for ./Payload/智慧会管.app/CDVLaunchScreen.storyboardc/UIViewController-01J-lp-oVM.nib/runtime.nib
copying file ./Payload/智慧会管.app/CDVLaunchScreen.storyboardc/Info.plist ... 
2019-11-11 07:02:31 +0000  258 bytes for ./Payload/智慧会管.app/CDVLaunchScreen.storyboardc/Info.plist
copying file ./Payload/智慧会管.app/LaunchImage-700@2x.png ... 
2019-11-11 07:02:31 +0000  440365 bytes for ./Payload/智慧会管.app/LaunchImage-700@2x.png
2019-11-11 07:02:31 +0000  copying file ./Payload/智慧会管.app/AppIcon83.5x83.5@2x~ipad.png ... 
2019-11-11 07:02:31 +0000  9662 bytes for ./Payload/智慧会管.app/AppIcon83.5x83.5@2x~ipad.png
copying file ./Payload/智慧会管.app/LaunchImage-700-568h@2x.png ... 
2019-11-11 07:02:31 +0000  559376 bytes for ./Payload/智慧会管.app/LaunchImage-700-568h@2x.png
2019-11-11 07:02:31 +0000  copying file ./Payload/智慧会管.app/AppIcon29x29@2x~ipad.png ... 
3550 bytes for ./Payload/智慧会管.app/AppIcon29x29@2x~ipad.png
copying file ./Payload/智慧会管.app/AppIcon40x40~ipad.png ... 
2019-11-11 07:02:31 +0000  2331 bytes for ./Payload/智慧会管.app/AppIcon40x40~ipad.png
copying file ./Payload/智慧会管.app/智慧会管 ... 
2019-11-11 07:02:31 +0000  835248 bytes for ./Payload/智慧会管.app/智慧会管
2019-11-11 07:02:31 +0000  copying file ./Payload/智慧会管.app/AppIcon20x20~ipad.png ... 
1130 bytes for ./Payload/智慧会管.app/AppIcon20x20~ipad.png
2019-11-11 07:02:31 +0000  copying file ./Payload/智慧会管.app/LaunchImage.png ... 
2019-11-11 07:02:31 +0000  112170 bytes for ./Payload/智慧会管.app/LaunchImage.png
2019-11-11 07:02:31 +0000  copying file ./Payload/智慧会管.app/embedded.mobileprovision ... 
2019-11-11 07:02:31 +0000  9289 bytes for ./Payload/智慧会管.app/embedded.mobileprovision
copying file ./Payload/智慧会管.app/LaunchImage-700-Portrait@2x~ipad.png ... 
2019-11-11 07:02:32 +0000  1845557 bytes for ./Payload/智慧会管.app/LaunchImage-700-Portrait@2x~ipad.png
2019-11-11 07:02:32 +0000  copying file ./Payload/智慧会管.app/CDVBarcodeScanner.bundle/beep.caf ... 
2019-11-11 07:02:32 +0000  16020 bytes for ./Payload/智慧会管.app/CDVBarcodeScanner.bundle/beep.caf
2019-11-11 07:02:32 +0000  copying file ./Payload/智慧会管.app/CDVBarcodeScanner.bundle/torch.png ... 
2019-11-11 07:02:32 +0000  3173 bytes for ./Payload/智慧会管.app/CDVBarcodeScanner.bundle/torch.png
copying file ./Payload/智慧会管.app/CDVBarcodeScanner.bundle/torch@2x.png ... 
2019-11-11 07:02:32 +0000  3687 bytes for ./Payload/智慧会管.app/CDVBarcodeScanner.bundle/torch@2x.png
copying file ./Payload/智慧会管.app/CDVBarcodeScanner.bundle/torch@3x.png ... 
2019-11-11 07:02:32 +0000  4302 bytes for ./Payload/智慧会管.app/CDVBarcodeScanner.bundle/torch@3x.png
2019-11-11 07:02:32 +0000  copying file ./Payload/智慧会管.app/AppIcon20x20@2x~ipad.png ... 
2019-11-11 07:02:32 +0000  2331 bytes for ./Payload/智慧会管.app/AppIcon20x20@2x~ipad.png
copying file ./Payload/智慧会管.app/Info.plist ... 
2019-11-11 07:02:32 +0000  1966 bytes for ./Payload/智慧会管.app/Info.plist
2019-11-11 07:02:32 +0000  copying file ./Payload/智慧会管.app/PkgInfo ... 
8 bytes for ./Payload/智慧会管.app/PkgInfo
2019-11-11 07:02:32 +0000  copying file ./Payload/智慧会管.app/AppIcon76x76~ipad.png ... 
2019-11-11 07:02:32 +0000  4749 bytes for ./Payload/智慧会管.app/AppIcon76x76~ipad.png
2019-11-11 07:02:32 +0000  /usr/bin/ditto exited with 0
2019-11-11 07:02:32 +0000  Processing step: IDEDistributionAppStoreInformationStep
2019-11-11 07:02:32 +0000  Skipping step: IDEDistributionAppStoreInformationStep because it said so
2019-11-11 07:02:32 +0000  Processing step: IDEDistributionGenerateProcessedDistributionItems
2019-11-11 07:02:32 +0000  Processing step: IDEDistributionCreateManifestStep
